<?xml version='1.0' encoding='UTF-8'?>
<testsuite hostname="hakam-MS-7D46" name="ChaosCore.GCDSpec" tests="1" errors="0" failures="0" skipped="0" time="2.263" timestamp="2024-05-15T19:02:34">
          <properties>
[...]
</properties>
          <testcase classname="ChaosCore.GCDSpec" name="Gcd should calculate proper greatest common denominator" time="2.263">
                      
                    </testcase>
          <system-out><![CDATA[]]></system-out>
          <system-err><![CDATA[]]></system-err>
        </testsuite>