<?xml version='1.0' encoding='UTF-8'?>
<testsuite hostname="hakam-MS-7D46" name="ChaosCore.test0" tests="1" errors="0" failures="1" skipped="0" time="1.066" timestamp="2024-05-19T23:29:56">
          <properties>
[...]
</properties>
          <testcase classname="ChaosCore.test0" name="First 4 elements read out of free list should be 0,1,2,3" time="1.066">
                      <failure message="firtool not found
------------------------------------------------------------------------------
Chisel requires that firtool, the MLIR-based FIRRTL Compiler (MFC), is installed
and available on your $PATH.  (Did you forget to install it?)  You can download
a binary release of firtool from the CIRCT releases webpage:
  https://github.com/llvm/circt/releases
------------------------------------------------------------------------------" type="circt.stage.phases.Exceptions$FirtoolNotFound">circt.stage.phases.Exceptions$FirtoolNotFound: firtool not found
------------------------------------------------------------------------------
Chisel requires that firtool, the MLIR-based FIRRTL Compiler (MFC), is installed
and available on your $PATH.  (Did you forget to install it?)  You can download
a binary release of firtool from the CIRCT releases webpage:
  https://github.com/llvm/circt/releases
------------------------------------------------------------------------------
</failure>
                    </testcase>
          <system-out><![CDATA[]]></system-out>
          <system-err><![CDATA[]]></system-err>
        </testsuite>