core   0: 0x00001000 (0x00000297) auipc   t0, 0x0
core   0: 3 0x00001000 (0x00000297) x5  0x00001000
core   0: 0x00001004 (0x02028593) addi    a1, t0, 32
core   0: 3 0x00001004 (0x02028593) x11 0x00001020
core   0: 0x00001008 (0xf1402573) csrr    a0, mhartid
core   0: 3 0x00001008 (0xf1402573) x10 0x00000000
core   0: 0x0000100c (0x0182a283) lw      t0, 24(t0)
core   0: 3 0x0000100c (0x0182a283) x5  0x80000000 mem 0x00001018
core   0: 0x00001010 (0x00028067) jr      t0
core   0: 3 0x00001010 (0x00028067)


core   0: 0x80000000 (0x80004137) lui     sp, 0x80004
core   0: 3 0x80000000 (0x80004137) x2  0x80004000
core   0: 0x80000004 (0x00000297) auipc   t0, 0x0
core   0: 3 0x80000004 (0x00000297) x5  0x80000004
core   0: 0x80000008 (0x03828293) addi    t0, t0, 56
core   0: 3 0x80000008 (0x03828293) x5  0x8000003c
core   0: 0x8000000c (0x00028067) jr      t0
core   0: 3 0x8000000c (0x00028067)


core   0: 0x8000003c (0x800007b7) lui     a5, 0x80000
core   0: 3 0x8000003c (0x800007b7) x15 0x80000000
core   0: 0x80000040 (0xfc010113) addi    sp, sp, -64
core   0: 3 0x80000040 (0xfc010113) x2  0x80003fc0
core   0: 0x80000044 (0x17c78793) addi    a5, a5, 380
core   0: 3 0x80000044 (0x17c78793) x15 0x8000017c
core   0: 0x80000048 (0x00810713) addi    a4, sp, 8
core   0: 3 0x80000048 (0x00810713) x14 0x80003fc8
core   0: 0x8000004c (0x03078813) addi    a6, a5, 48
core   0: 3 0x8000004c (0x03078813) x16 0x800001ac
core   0: 0x80000050 (0x0007a503) lw      a0, 0(a5)
core   0: 3 0x80000050 (0x0007a503) x10 0x00000007 mem 0x8000017c
core   0: 0x80000054 (0x0047a583) lw      a1, 4(a5)
core   0: 3 0x80000054 (0x0047a583) x11 0x00000004 mem 0x80000180
core   0: 0x80000058 (0x0087a603) lw      a2, 8(a5)
core   0: 3 0x80000058 (0x0087a603) x12 0x00000002 mem 0x80000184
core   0: 0x8000005c (0x00c7a683) lw      a3, 12(a5)
core   0: 3 0x8000005c (0x00c7a683) x13 0x00000003 mem 0x80000188
core   0: 0x80000060 (0x00a72023) sw      a0, 0(a4)
core   0: 3 0x80000060 (0x00a72023) mem 0x80003fc8 0x00000007
core   0: 0x80000064 (0x00b72223) sw      a1, 4(a4)
core   0: 3 0x80000064 (0x00b72223) mem 0x80003fcc 0x00000004
core   0: 0x80000068 (0x00c72423) sw      a2, 8(a4)
core   0: 3 0x80000068 (0x00c72423) mem 0x80003fd0 0x00000002
core   0: 0x8000006c (0x00d72623) sw      a3, 12(a4)
core   0: 3 0x8000006c (0x00d72623) mem 0x80003fd4 0x00000003
core   0: 0x80000070 (0x01078793) addi    a5, a5, 16
core   0: 3 0x80000070 (0x01078793) x15 0x8000018c
core   0: 0x80000074 (0x01070713) addi    a4, a4, 16
core   0: 3 0x80000074 (0x01070713) x14 0x80003fd8
core   0: 0x80000078 (0xfd079ce3) bne     a5, a6, pc - 40
core   0: 3 0x80000078 (0xfd079ce3)
core   0: 0x80000050 (0x0007a503) lw      a0, 0(a5)
core   0: 3 0x80000050 (0x0007a503) x10 0x00000002 mem 0x8000018c
core   0: 0x80000054 (0x0047a583) lw      a1, 4(a5)
core   0: 3 0x80000054 (0x0047a583) x11 0x00000001 mem 0x80000190
core   0: 0x80000058 (0x0087a603) lw      a2, 8(a5)
core   0: 3 0x80000058 (0x0087a603) x12 0x00000006 mem 0x80000194
core   0: 0x8000005c (0x00c7a683) lw      a3, 12(a5)
core   0: 3 0x8000005c (0x00c7a683) x13 0x00000001 mem 0x80000198
core   0: 0x80000060 (0x00a72023) sw      a0, 0(a4)
core   0: 3 0x80000060 (0x00a72023) mem 0x80003fd8 0x00000002
core   0: 0x80000064 (0x00b72223) sw      a1, 4(a4)
core   0: 3 0x80000064 (0x00b72223) mem 0x80003fdc 0x00000001
core   0: 0x80000068 (0x00c72423) sw      a2, 8(a4)
core   0: 3 0x80000068 (0x00c72423) mem 0x80003fe0 0x00000006
core   0: 0x8000006c (0x00d72623) sw      a3, 12(a4)
core   0: 3 0x8000006c (0x00d72623) mem 0x80003fe4 0x00000001
core   0: 0x80000070 (0x01078793) addi    a5, a5, 16
core   0: 3 0x80000070 (0x01078793) x15 0x8000019c
core   0: 0x80000074 (0x01070713) addi    a4, a4, 16
core   0: 3 0x80000074 (0x01070713) x14 0x80003fe8
core   0: 0x80000078 (0xfd079ce3) bne     a5, a6, pc - 40
core   0: 3 0x80000078 (0xfd079ce3)
core   0: 0x80000050 (0x0007a503) lw      a0, 0(a5)
core   0: 3 0x80000050 (0x0007a503) x10 0x00000005 mem 0x8000019c
core   0: 0x80000054 (0x0047a583) lw      a1, 4(a5)
core   0: 3 0x80000054 (0x0047a583) x11 0x00000001 mem 0x800001a0
core   0: 0x80000058 (0x0087a603) lw      a2, 8(a5)
core   0: 3 0x80000058 (0x0087a603) x12 0x00000005 mem 0x800001a4
core   0: 0x8000005c (0x00c7a683) lw      a3, 12(a5)
core   0: 3 0x8000005c (0x00c7a683) x13 0x00000007 mem 0x800001a8
core   0: 0x80000060 (0x00a72023) sw      a0, 0(a4)
core   0: 3 0x80000060 (0x00a72023) mem 0x80003fe8 0x00000005
core   0: 0x80000064 (0x00b72223) sw      a1, 4(a4)
core   0: 3 0x80000064 (0x00b72223) mem 0x80003fec 0x00000001
core   0: 0x80000068 (0x00c72423) sw      a2, 8(a4)
core   0: 3 0x80000068 (0x00c72423) mem 0x80003ff0 0x00000005
core   0: 0x8000006c (0x00d72623) sw      a3, 12(a4)
core   0: 3 0x8000006c (0x00d72623) mem 0x80003ff4 0x00000007
core   0: 0x80000070 (0x01078793) addi    a5, a5, 16
core   0: 3 0x80000070 (0x01078793) x15 0x800001ac
core   0: 0x80000074 (0x01070713) addi    a4, a4, 16
core   0: 3 0x80000074 (0x01070713) x14 0x80003ff8
core   0: 0x80000078 (0xfd079ce3) bne     a5, a6, pc - 40
core   0: 3 0x80000078 (0xfd079ce3)
core   0: 0x8000007c (0x0007a683) lw      a3, 0(a5)
core   0: 3 0x8000007c (0x0007a683) x13 0x00000003 mem 0x800001ac
core   0: 0x80000080 (0x0047a783) lw      a5, 4(a5)
core   0: 3 0x80000080 (0x0047a783) x15 0x00000008 mem 0x800001b0
core   0: 0x80000084 (0x00d00593) li      a1, 13
core   0: 3 0x80000084 (0x00d00593) x11 0x0000000d
core   0: 0x80000088 (0x00d72023) sw      a3, 0(a4)
core   0: 3 0x80000088 (0x00d72023) mem 0x80003ff8 0x00000003
core   0: 0x8000008c (0x00f72223) sw      a5, 4(a4)
core   0: 3 0x8000008c (0x00f72223) mem 0x80003ffc 0x00000008
core   0: 0x80000090 (0x00810793) addi    a5, sp, 8
core   0: 3 0x80000090 (0x00810793) x15 0x80003fc8
core   0: 0x80000094 (0x00000713) li      a4, 0
core   0: 3 0x80000094 (0x00000713) x14 0x00000000
core   0: 0x80000098 (0x0007a683) lw      a3, 0(a5)
core   0: 3 0x80000098 (0x0007a683) x13 0x00000007 mem 0x80003fc8
core   0: 0x8000009c (0x0047a603) lw      a2, 4(a5)
core   0: 3 0x8000009c (0x0047a603) x12 0x00000004 mem 0x80003fcc
core   0: 0x800000a0 (0x00170713) addi    a4, a4, 1
core   0: 3 0x800000a0 (0x00170713) x14 0x00000001
core   0: 0x800000a4 (0x00d65663) bge     a2, a3, pc + 12
core   0: 3 0x800000a4 (0x00d65663)
core   0: 0x800000a8 (0x00c7a023) sw      a2, 0(a5)
core   0: 3 0x800000a8 (0x00c7a023) mem 0x80003fc8 0x00000004
core   0: 0x800000ac (0x00d7a223) sw      a3, 4(a5)
core   0: 3 0x800000ac (0x00d7a223) mem 0x80003fcc 0x00000007
core   0: 0x800000b0 (0x00478793) addi    a5, a5, 4
core   0: 3 0x800000b0 (0x00478793) x15 0x80003fcc
core   0: 0x800000b4 (0xfeb742e3) blt     a4, a1, pc - 28
core   0: 3 0x800000b4 (0xfeb742e3)
core   0: 0x80000098 (0x0007a683) lw      a3, 0(a5)
core   0: 3 0x80000098 (0x0007a683) x13 0x00000007 mem 0x80003fcc
core   0: 0x8000009c (0x0047a603) lw      a2, 4(a5)
core   0: 3 0x8000009c (0x0047a603) x12 0x00000002 mem 0x80003fd0
core   0: 0x800000a0 (0x00170713) addi    a4, a4, 1
core   0: 3 0x800000a0 (0x00170713) x14 0x00000002
core   0: 0x800000a4 (0x00d65663) bge     a2, a3, pc + 12
core   0: 3 0x800000a4 (0x00d65663)
core   0: 0x800000a8 (0x00c7a023) sw      a2, 0(a5)
core   0: 3 0x800000a8 (0x00c7a023) mem 0x80003fcc 0x00000002
core   0: 0x800000ac (0x00d7a223) sw      a3, 4(a5)
core   0: 3 0x800000ac (0x00d7a223) mem 0x80003fd0 0x00000007
core   0: 0x800000b0 (0x00478793) addi    a5, a5, 4
core   0: 3 0x800000b0 (0x00478793) x15 0x80003fd0
core   0: 0x800000b4 (0xfeb742e3) blt     a4, a1, pc - 28
core   0: 3 0x800000b4 (0xfeb742e3)
core   0: 0x80000098 (0x0007a683) lw      a3, 0(a5)
core   0: 3 0x80000098 (0x0007a683) x13 0x00000007 mem 0x80003fd0
core   0: 0x8000009c (0x0047a603) lw      a2, 4(a5)
core   0: 3 0x8000009c (0x0047a603) x12 0x00000003 mem 0x80003fd4
core   0: 0x800000a0 (0x00170713) addi    a4, a4, 1
core   0: 3 0x800000a0 (0x00170713) x14 0x00000003
core   0: 0x800000a4 (0x00d65663) bge     a2, a3, pc + 12
core   0: 3 0x800000a4 (0x00d65663)
core   0: 0x800000a8 (0x00c7a023) sw      a2, 0(a5)
core   0: 3 0x800000a8 (0x00c7a023) mem 0x80003fd0 0x00000003
core   0: 0x800000ac (0x00d7a223) sw      a3, 4(a5)
core   0: 3 0x800000ac (0x00d7a223) mem 0x80003fd4 0x00000007
core   0: 0x800000b0 (0x00478793) addi    a5, a5, 4
core   0: 3 0x800000b0 (0x00478793) x15 0x80003fd4
core   0: 0x800000b4 (0xfeb742e3) blt     a4, a1, pc - 28
core   0: 3 0x800000b4 (0xfeb742e3)
core   0: 0x80000098 (0x0007a683) lw      a3, 0(a5)
core   0: 3 0x80000098 (0x0007a683) x13 0x00000007 mem 0x80003fd4
core   0: 0x8000009c (0x0047a603) lw      a2, 4(a5)
core   0: 3 0x8000009c (0x0047a603) x12 0x00000002 mem 0x80003fd8
core   0: 0x800000a0 (0x00170713) addi    a4, a4, 1
core   0: 3 0x800000a0 (0x00170713) x14 0x00000004
core   0: 0x800000a4 (0x00d65663) bge     a2, a3, pc + 12
core   0: 3 0x800000a4 (0x00d65663)
core   0: 0x800000a8 (0x00c7a023) sw      a2, 0(a5)
core   0: 3 0x800000a8 (0x00c7a023) mem 0x80003fd4 0x00000002
core   0: 0x800000ac (0x00d7a223) sw      a3, 4(a5)
core   0: 3 0x800000ac (0x00d7a223) mem 0x80003fd8 0x00000007
core   0: 0x800000b0 (0x00478793) addi    a5, a5, 4
core   0: 3 0x800000b0 (0x00478793) x15 0x80003fd8
core   0: 0x800000b4 (0xfeb742e3) blt     a4, a1, pc - 28
core   0: 3 0x800000b4 (0xfeb742e3)
core   0: 0x80000098 (0x0007a683) lw      a3, 0(a5)
core   0: 3 0x80000098 (0x0007a683) x13 0x00000007 mem 0x80003fd8
core   0: 0x8000009c (0x0047a603) lw      a2, 4(a5)
core   0: 3 0x8000009c (0x0047a603) x12 0x00000001 mem 0x80003fdc
core   0: 0x800000a0 (0x00170713) addi    a4, a4, 1
core   0: 3 0x800000a0 (0x00170713) x14 0x00000005
core   0: 0x800000a4 (0x00d65663) bge     a2, a3, pc + 12
core   0: 3 0x800000a4 (0x00d65663)
core   0: 0x800000a8 (0x00c7a023) sw      a2, 0(a5)
core   0: 3 0x800000a8 (0x00c7a023) mem 0x80003fd8 0x00000001
core   0: 0x800000ac (0x00d7a223) sw      a3, 4(a5)
core   0: 3 0x800000ac (0x00d7a223) mem 0x80003fdc 0x00000007
core   0: 0x800000b0 (0x00478793) addi    a5, a5, 4
core   0: 3 0x800000b0 (0x00478793) x15 0x80003fdc
core   0: 0x800000b4 (0xfeb742e3) blt     a4, a1, pc - 28
core   0: 3 0x800000b4 (0xfeb742e3)
core   0: 0x80000098 (0x0007a683) lw      a3, 0(a5)
core   0: 3 0x80000098 (0x0007a683) x13 0x00000007 mem 0x80003fdc
core   0: 0x8000009c (0x0047a603) lw      a2, 4(a5)
core   0: 3 0x8000009c (0x0047a603) x12 0x00000006 mem 0x80003fe0
core   0: 0x800000a0 (0x00170713) addi    a4, a4, 1
core   0: 3 0x800000a0 (0x00170713) x14 0x00000006
core   0: 0x800000a4 (0x00d65663) bge     a2, a3, pc + 12
core   0: 3 0x800000a4 (0x00d65663)
core   0: 0x800000a8 (0x00c7a023) sw      a2, 0(a5)
core   0: 3 0x800000a8 (0x00c7a023) mem 0x80003fdc 0x00000006
core   0: 0x800000ac (0x00d7a223) sw      a3, 4(a5)
core   0: 3 0x800000ac (0x00d7a223) mem 0x80003fe0 0x00000007
core   0: 0x800000b0 (0x00478793) addi    a5, a5, 4
core   0: 3 0x800000b0 (0x00478793) x15 0x80003fe0
core   0: 0x800000b4 (0xfeb742e3) blt     a4, a1, pc - 28
core   0: 3 0x800000b4 (0xfeb742e3)
core   0: 0x80000098 (0x0007a683) lw      a3, 0(a5)
core   0: 3 0x80000098 (0x0007a683) x13 0x00000007 mem 0x80003fe0
core   0: 0x8000009c (0x0047a603) lw      a2, 4(a5)
core   0: 3 0x8000009c (0x0047a603) x12 0x00000001 mem 0x80003fe4
core   0: 0x800000a0 (0x00170713) addi    a4, a4, 1
core   0: 3 0x800000a0 (0x00170713) x14 0x00000007
core   0: 0x800000a4 (0x00d65663) bge     a2, a3, pc + 12
core   0: 3 0x800000a4 (0x00d65663)
core   0: 0x800000a8 (0x00c7a023) sw      a2, 0(a5)
core   0: 3 0x800000a8 (0x00c7a023) mem 0x80003fe0 0x00000001
core   0: 0x800000ac (0x00d7a223) sw      a3, 4(a5)
core   0: 3 0x800000ac (0x00d7a223) mem 0x80003fe4 0x00000007
core   0: 0x800000b0 (0x00478793) addi    a5, a5, 4
core   0: 3 0x800000b0 (0x00478793) x15 0x80003fe4
core   0: 0x800000b4 (0xfeb742e3) blt     a4, a1, pc - 28
core   0: 3 0x800000b4 (0xfeb742e3)
core   0: 0x80000098 (0x0007a683) lw      a3, 0(a5)
core   0: 3 0x80000098 (0x0007a683) x13 0x00000007 mem 0x80003fe4
core   0: 0x8000009c (0x0047a603) lw      a2, 4(a5)
core   0: 3 0x8000009c (0x0047a603) x12 0x00000005 mem 0x80003fe8
core   0: 0x800000a0 (0x00170713) addi    a4, a4, 1
core   0: 3 0x800000a0 (0x00170713) x14 0x00000008
core   0: 0x800000a4 (0x00d65663) bge     a2, a3, pc + 12
core   0: 3 0x800000a4 (0x00d65663)
core   0: 0x800000a8 (0x00c7a023) sw      a2, 0(a5)
core   0: 3 0x800000a8 (0x00c7a023) mem 0x80003fe4 0x00000005
core   0: 0x800000ac (0x00d7a223) sw      a3, 4(a5)
core   0: 3 0x800000ac (0x00d7a223) mem 0x80003fe8 0x00000007
core   0: 0x800000b0 (0x00478793) addi    a5, a5, 4
core   0: 3 0x800000b0 (0x00478793) x15 0x80003fe8
core   0: 0x800000b4 (0xfeb742e3) blt     a4, a1, pc - 28
core   0: 3 0x800000b4 (0xfeb742e3)
core   0: 0x80000098 (0x0007a683) lw      a3, 0(a5)
core   0: 3 0x80000098 (0x0007a683) x13 0x00000007 mem 0x80003fe8
core   0: 0x8000009c (0x0047a603) lw      a2, 4(a5)
core   0: 3 0x8000009c (0x0047a603) x12 0x00000001 mem 0x80003fec
core   0: 0x800000a0 (0x00170713) addi    a4, a4, 1
core   0: 3 0x800000a0 (0x00170713) x14 0x00000009
core   0: 0x800000a4 (0x00d65663) bge     a2, a3, pc + 12
core   0: 3 0x800000a4 (0x00d65663)
core   0: 0x800000a8 (0x00c7a023) sw      a2, 0(a5)
core   0: 3 0x800000a8 (0x00c7a023) mem 0x80003fe8 0x00000001
core   0: 0x800000ac (0x00d7a223) sw      a3, 4(a5)
core   0: 3 0x800000ac (0x00d7a223) mem 0x80003fec 0x00000007
core   0: 0x800000b0 (0x00478793) addi    a5, a5, 4
core   0: 3 0x800000b0 (0x00478793) x15 0x80003fec
core   0: 0x800000b4 (0xfeb742e3) blt     a4, a1, pc - 28
core   0: 3 0x800000b4 (0xfeb742e3)
core   0: 0x80000098 (0x0007a683) lw      a3, 0(a5)
core   0: 3 0x80000098 (0x0007a683) x13 0x00000007 mem 0x80003fec
core   0: 0x8000009c (0x0047a603) lw      a2, 4(a5)
core   0: 3 0x8000009c (0x0047a603) x12 0x00000005 mem 0x80003ff0
core   0: 0x800000a0 (0x00170713) addi    a4, a4, 1
core   0: 3 0x800000a0 (0x00170713) x14 0x0000000a
core   0: 0x800000a4 (0x00d65663) bge     a2, a3, pc + 12
core   0: 3 0x800000a4 (0x00d65663)
core   0: 0x800000a8 (0x00c7a023) sw      a2, 0(a5)
core   0: 3 0x800000a8 (0x00c7a023) mem 0x80003fec 0x00000005
core   0: 0x800000ac (0x00d7a223) sw      a3, 4(a5)
core   0: 3 0x800000ac (0x00d7a223) mem 0x80003ff0 0x00000007
core   0: 0x800000b0 (0x00478793) addi    a5, a5, 4
core   0: 3 0x800000b0 (0x00478793) x15 0x80003ff0
core   0: 0x800000b4 (0xfeb742e3) blt     a4, a1, pc - 28
core   0: 3 0x800000b4 (0xfeb742e3)
core   0: 0x80000098 (0x0007a683) lw      a3, 0(a5)
core   0: 3 0x80000098 (0x0007a683) x13 0x00000007 mem 0x80003ff0
core   0: 0x8000009c (0x0047a603) lw      a2, 4(a5)
core   0: 3 0x8000009c (0x0047a603) x12 0x00000007 mem 0x80003ff4
core   0: 0x800000a0 (0x00170713) addi    a4, a4, 1
core   0: 3 0x800000a0 (0x00170713) x14 0x0000000b
core   0: 0x800000a4 (0x00d65663) bge     a2, a3, pc + 12
core   0: 3 0x800000a4 (0x00d65663)
core   0: 0x800000b0 (0x00478793) addi    a5, a5, 4
core   0: 3 0x800000b0 (0x00478793) x15 0x80003ff4
core   0: 0x800000b4 (0xfeb742e3) blt     a4, a1, pc - 28
core   0: 3 0x800000b4 (0xfeb742e3)
core   0: 0x80000098 (0x0007a683) lw      a3, 0(a5)
core   0: 3 0x80000098 (0x0007a683) x13 0x00000007 mem 0x80003ff4
core   0: 0x8000009c (0x0047a603) lw      a2, 4(a5)
core   0: 3 0x8000009c (0x0047a603) x12 0x00000003 mem 0x80003ff8
core   0: 0x800000a0 (0x00170713) addi    a4, a4, 1
core   0: 3 0x800000a0 (0x00170713) x14 0x0000000c
core   0: 0x800000a4 (0x00d65663) bge     a2, a3, pc + 12
core   0: 3 0x800000a4 (0x00d65663)
core   0: 0x800000a8 (0x00c7a023) sw      a2, 0(a5)
core   0: 3 0x800000a8 (0x00c7a023) mem 0x80003ff4 0x00000003
core   0: 0x800000ac (0x00d7a223) sw      a3, 4(a5)
core   0: 3 0x800000ac (0x00d7a223) mem 0x80003ff8 0x00000007
core   0: 0x800000b0 (0x00478793) addi    a5, a5, 4
core   0: 3 0x800000b0 (0x00478793) x15 0x80003ff8
core   0: 0x800000b4 (0xfeb742e3) blt     a4, a1, pc - 28
core   0: 3 0x800000b4 (0xfeb742e3)
core   0: 0x80000098 (0x0007a683) lw      a3, 0(a5)
core   0: 3 0x80000098 (0x0007a683) x13 0x00000007 mem 0x80003ff8
core   0: 0x8000009c (0x0047a603) lw      a2, 4(a5)
core   0: 3 0x8000009c (0x0047a603) x12 0x00000008 mem 0x80003ffc
core   0: 0x800000a0 (0x00170713) addi    a4, a4, 1
core   0: 3 0x800000a0 (0x00170713) x14 0x0000000d
core   0: 0x800000a4 (0x00d65663) bge     a2, a3, pc + 12
core   0: 3 0x800000a4 (0x00d65663)
core   0: 0x800000b0 (0x00478793) addi    a5, a5, 4
core   0: 3 0x800000b0 (0x00478793) x15 0x80003ffc
core   0: 0x800000b4 (0xfeb742e3) blt     a4, a1, pc - 28
core   0: 3 0x800000b4 (0xfeb742e3)
core   0: 0x800000b8 (0xfff58593) addi    a1, a1, -1
core   0: 3 0x800000b8 (0xfff58593) x11 0x0000000c
core   0: 0x800000bc (0xfc059ae3) bnez    a1, pc - 44
core   0: 3 0x800000bc (0xfc059ae3)
core   0: 0x80000090 (0x00810793) addi    a5, sp, 8
core   0: 3 0x80000090 (0x00810793) x15 0x80003fc8
core   0: 0x80000094 (0x00000713) li      a4, 0
core   0: 3 0x80000094 (0x00000713) x14 0x00000000
core   0: 0x80000098 (0x0007a683) lw      a3, 0(a5)
core   0: 3 0x80000098 (0x0007a683) x13 0x00000004 mem 0x80003fc8
core   0: 0x8000009c (0x0047a603) lw      a2, 4(a5)
core   0: 3 0x8000009c (0x0047a603) x12 0x00000002 mem 0x80003fcc
core   0: 0x800000a0 (0x00170713) addi    a4, a4, 1
core   0: 3 0x800000a0 (0x00170713) x14 0x00000001
core   0: 0x800000a4 (0x00d65663) bge     a2, a3, pc + 12
core   0: 3 0x800000a4 (0x00d65663)
core   0: 0x800000a8 (0x00c7a023) sw      a2, 0(a5)
core   0: 3 0x800000a8 (0x00c7a023) mem 0x80003fc8 0x00000002
core   0: 0x800000ac (0x00d7a223) sw      a3, 4(a5)
core   0: 3 0x800000ac (0x00d7a223) mem 0x80003fcc 0x00000004
core   0: 0x800000b0 (0x00478793) addi    a5, a5, 4
core   0: 3 0x800000b0 (0x00478793) x15 0x80003fcc
core   0: 0x800000b4 (0xfeb742e3) blt     a4, a1, pc - 28
core   0: 3 0x800000b4 (0xfeb742e3)
core   0: 0x80000098 (0x0007a683) lw      a3, 0(a5)
core   0: 3 0x80000098 (0x0007a683) x13 0x00000004 mem 0x80003fcc
core   0: 0x8000009c (0x0047a603) lw      a2, 4(a5)
core   0: 3 0x8000009c (0x0047a603) x12 0x00000003 mem 0x80003fd0
core   0: 0x800000a0 (0x00170713) addi    a4, a4, 1
core   0: 3 0x800000a0 (0x00170713) x14 0x00000002
core   0: 0x800000a4 (0x00d65663) bge     a2, a3, pc + 12
core   0: 3 0x800000a4 (0x00d65663)
core   0: 0x800000a8 (0x00c7a023) sw      a2, 0(a5)
core   0: 3 0x800000a8 (0x00c7a023) mem 0x80003fcc 0x00000003
core   0: 0x800000ac (0x00d7a223) sw      a3, 4(a5)
core   0: 3 0x800000ac (0x00d7a223) mem 0x80003fd0 0x00000004
core   0: 0x800000b0 (0x00478793) addi    a5, a5, 4
core   0: 3 0x800000b0 (0x00478793) x15 0x80003fd0
core   0: 0x800000b4 (0xfeb742e3) blt     a4, a1, pc - 28
core   0: 3 0x800000b4 (0xfeb742e3)
core   0: 0x80000098 (0x0007a683) lw      a3, 0(a5)
core   0: 3 0x80000098 (0x0007a683) x13 0x00000004 mem 0x80003fd0
core   0: 0x8000009c (0x0047a603) lw      a2, 4(a5)
core   0: 3 0x8000009c (0x0047a603) x12 0x00000002 mem 0x80003fd4
core   0: 0x800000a0 (0x00170713) addi    a4, a4, 1
core   0: 3 0x800000a0 (0x00170713) x14 0x00000003
core   0: 0x800000a4 (0x00d65663) bge     a2, a3, pc + 12
core   0: 3 0x800000a4 (0x00d65663)
core   0: 0x800000a8 (0x00c7a023) sw      a2, 0(a5)
core   0: 3 0x800000a8 (0x00c7a023) mem 0x80003fd0 0x00000002
core   0: 0x800000ac (0x00d7a223) sw      a3, 4(a5)
core   0: 3 0x800000ac (0x00d7a223) mem 0x80003fd4 0x00000004
core   0: 0x800000b0 (0x00478793) addi    a5, a5, 4
core   0: 3 0x800000b0 (0x00478793) x15 0x80003fd4
core   0: 0x800000b4 (0xfeb742e3) blt     a4, a1, pc - 28
core   0: 3 0x800000b4 (0xfeb742e3)
core   0: 0x80000098 (0x0007a683) lw      a3, 0(a5)
core   0: 3 0x80000098 (0x0007a683) x13 0x00000004 mem 0x80003fd4
core   0: 0x8000009c (0x0047a603) lw      a2, 4(a5)
core   0: 3 0x8000009c (0x0047a603) x12 0x00000001 mem 0x80003fd8
core   0: 0x800000a0 (0x00170713) addi    a4, a4, 1
core   0: 3 0x800000a0 (0x00170713) x14 0x00000004
core   0: 0x800000a4 (0x00d65663) bge     a2, a3, pc + 12
core   0: 3 0x800000a4 (0x00d65663)
core   0: 0x800000a8 (0x00c7a023) sw      a2, 0(a5)
core   0: 3 0x800000a8 (0x00c7a023) mem 0x80003fd4 0x00000001
core   0: 0x800000ac (0x00d7a223) sw      a3, 4(a5)
core   0: 3 0x800000ac (0x00d7a223) mem 0x80003fd8 0x00000004
core   0: 0x800000b0 (0x00478793) addi    a5, a5, 4
core   0: 3 0x800000b0 (0x00478793) x15 0x80003fd8
core   0: 0x800000b4 (0xfeb742e3) blt     a4, a1, pc - 28
core   0: 3 0x800000b4 (0xfeb742e3)
core   0: 0x80000098 (0x0007a683) lw      a3, 0(a5)
core   0: 3 0x80000098 (0x0007a683) x13 0x00000004 mem 0x80003fd8
core   0: 0x8000009c (0x0047a603) lw      a2, 4(a5)
core   0: 3 0x8000009c (0x0047a603) x12 0x00000006 mem 0x80003fdc
core   0: 0x800000a0 (0x00170713) addi    a4, a4, 1
core   0: 3 0x800000a0 (0x00170713) x14 0x00000005
core   0: 0x800000a4 (0x00d65663) bge     a2, a3, pc + 12
core   0: 3 0x800000a4 (0x00d65663)
core   0: 0x800000b0 (0x00478793) addi    a5, a5, 4
core   0: 3 0x800000b0 (0x00478793) x15 0x80003fdc
core   0: 0x800000b4 (0xfeb742e3) blt     a4, a1, pc - 28
core   0: 3 0x800000b4 (0xfeb742e3)
core   0: 0x80000098 (0x0007a683) lw      a3, 0(a5)
core   0: 3 0x80000098 (0x0007a683) x13 0x00000006 mem 0x80003fdc
core   0: 0x8000009c (0x0047a603) lw      a2, 4(a5)
core   0: 3 0x8000009c (0x0047a603) x12 0x00000001 mem 0x80003fe0
core   0: 0x800000a0 (0x00170713) addi    a4, a4, 1
core   0: 3 0x800000a0 (0x00170713) x14 0x00000006
core   0: 0x800000a4 (0x00d65663) bge     a2, a3, pc + 12
core   0: 3 0x800000a4 (0x00d65663)
core   0: 0x800000a8 (0x00c7a023) sw      a2, 0(a5)
core   0: 3 0x800000a8 (0x00c7a023) mem 0x80003fdc 0x00000001
core   0: 0x800000ac (0x00d7a223) sw      a3, 4(a5)
core   0: 3 0x800000ac (0x00d7a223) mem 0x80003fe0 0x00000006
core   0: 0x800000b0 (0x00478793) addi    a5, a5, 4
core   0: 3 0x800000b0 (0x00478793) x15 0x80003fe0
core   0: 0x800000b4 (0xfeb742e3) blt     a4, a1, pc - 28
core   0: 3 0x800000b4 (0xfeb742e3)
core   0: 0x80000098 (0x0007a683) lw      a3, 0(a5)
core   0: 3 0x80000098 (0x0007a683) x13 0x00000006 mem 0x80003fe0
core   0: 0x8000009c (0x0047a603) lw      a2, 4(a5)
core   0: 3 0x8000009c (0x0047a603) x12 0x00000005 mem 0x80003fe4
core   0: 0x800000a0 (0x00170713) addi    a4, a4, 1
core   0: 3 0x800000a0 (0x00170713) x14 0x00000007
core   0: 0x800000a4 (0x00d65663) bge     a2, a3, pc + 12
core   0: 3 0x800000a4 (0x00d65663)
core   0: 0x800000a8 (0x00c7a023) sw      a2, 0(a5)
core   0: 3 0x800000a8 (0x00c7a023) mem 0x80003fe0 0x00000005
core   0: 0x800000ac (0x00d7a223) sw      a3, 4(a5)
core   0: 3 0x800000ac (0x00d7a223) mem 0x80003fe4 0x00000006
core   0: 0x800000b0 (0x00478793) addi    a5, a5, 4
core   0: 3 0x800000b0 (0x00478793) x15 0x80003fe4
core   0: 0x800000b4 (0xfeb742e3) blt     a4, a1, pc - 28
core   0: 3 0x800000b4 (0xfeb742e3)
core   0: 0x80000098 (0x0007a683) lw      a3, 0(a5)
core   0: 3 0x80000098 (0x0007a683) x13 0x00000006 mem 0x80003fe4
core   0: 0x8000009c (0x0047a603) lw      a2, 4(a5)
core   0: 3 0x8000009c (0x0047a603) x12 0x00000001 mem 0x80003fe8
core   0: 0x800000a0 (0x00170713) addi    a4, a4, 1
core   0: 3 0x800000a0 (0x00170713) x14 0x00000008
core   0: 0x800000a4 (0x00d65663) bge     a2, a3, pc + 12
core   0: 3 0x800000a4 (0x00d65663)
core   0: 0x800000a8 (0x00c7a023) sw      a2, 0(a5)
core   0: 3 0x800000a8 (0x00c7a023) mem 0x80003fe4 0x00000001
core   0: 0x800000ac (0x00d7a223) sw      a3, 4(a5)
core   0: 3 0x800000ac (0x00d7a223) mem 0x80003fe8 0x00000006
core   0: 0x800000b0 (0x00478793) addi    a5, a5, 4
core   0: 3 0x800000b0 (0x00478793) x15 0x80003fe8
core   0: 0x800000b4 (0xfeb742e3) blt     a4, a1, pc - 28
core   0: 3 0x800000b4 (0xfeb742e3)
core   0: 0x80000098 (0x0007a683) lw      a3, 0(a5)
core   0: 3 0x80000098 (0x0007a683) x13 0x00000006 mem 0x80003fe8
core   0: 0x8000009c (0x0047a603) lw      a2, 4(a5)
core   0: 3 0x8000009c (0x0047a603) x12 0x00000005 mem 0x80003fec
core   0: 0x800000a0 (0x00170713) addi    a4, a4, 1
core   0: 3 0x800000a0 (0x00170713) x14 0x00000009
core   0: 0x800000a4 (0x00d65663) bge     a2, a3, pc + 12
core   0: 3 0x800000a4 (0x00d65663)
core   0: 0x800000a8 (0x00c7a023) sw      a2, 0(a5)
core   0: 3 0x800000a8 (0x00c7a023) mem 0x80003fe8 0x00000005
core   0: 0x800000ac (0x00d7a223) sw      a3, 4(a5)
core   0: 3 0x800000ac (0x00d7a223) mem 0x80003fec 0x00000006
core   0: 0x800000b0 (0x00478793) addi    a5, a5, 4
core   0: 3 0x800000b0 (0x00478793) x15 0x80003fec
core   0: 0x800000b4 (0xfeb742e3) blt     a4, a1, pc - 28
core   0: 3 0x800000b4 (0xfeb742e3)
core   0: 0x80000098 (0x0007a683) lw      a3, 0(a5)
core   0: 3 0x80000098 (0x0007a683) x13 0x00000006 mem 0x80003fec
core   0: 0x8000009c (0x0047a603) lw      a2, 4(a5)
core   0: 3 0x8000009c (0x0047a603) x12 0x00000007 mem 0x80003ff0
core   0: 0x800000a0 (0x00170713) addi    a4, a4, 1
core   0: 3 0x800000a0 (0x00170713) x14 0x0000000a
core   0: 0x800000a4 (0x00d65663) bge     a2, a3, pc + 12
core   0: 3 0x800000a4 (0x00d65663)
core   0: 0x800000b0 (0x00478793) addi    a5, a5, 4
core   0: 3 0x800000b0 (0x00478793) x15 0x80003ff0
core   0: 0x800000b4 (0xfeb742e3) blt     a4, a1, pc - 28
core   0: 3 0x800000b4 (0xfeb742e3)
core   0: 0x80000098 (0x0007a683) lw      a3, 0(a5)
core   0: 3 0x80000098 (0x0007a683) x13 0x00000007 mem 0x80003ff0
core   0: 0x8000009c (0x0047a603) lw      a2, 4(a5)
core   0: 3 0x8000009c (0x0047a603) x12 0x00000003 mem 0x80003ff4
core   0: 0x800000a0 (0x00170713) addi    a4, a4, 1
core   0: 3 0x800000a0 (0x00170713) x14 0x0000000b
core   0: 0x800000a4 (0x00d65663) bge     a2, a3, pc + 12
core   0: 3 0x800000a4 (0x00d65663)
core   0: 0x800000a8 (0x00c7a023) sw      a2, 0(a5)
core   0: 3 0x800000a8 (0x00c7a023) mem 0x80003ff0 0x00000003
core   0: 0x800000ac (0x00d7a223) sw      a3, 4(a5)
core   0: 3 0x800000ac (0x00d7a223) mem 0x80003ff4 0x00000007
core   0: 0x800000b0 (0x00478793) addi    a5, a5, 4
core   0: 3 0x800000b0 (0x00478793) x15 0x80003ff4
core   0: 0x800000b4 (0xfeb742e3) blt     a4, a1, pc - 28
core   0: 3 0x800000b4 (0xfeb742e3)
core   0: 0x80000098 (0x0007a683) lw      a3, 0(a5)
core   0: 3 0x80000098 (0x0007a683) x13 0x00000007 mem 0x80003ff4
core   0: 0x8000009c (0x0047a603) lw      a2, 4(a5)
core   0: 3 0x8000009c (0x0047a603) x12 0x00000007 mem 0x80003ff8
core   0: 0x800000a0 (0x00170713) addi    a4, a4, 1
core   0: 3 0x800000a0 (0x00170713) x14 0x0000000c
core   0: 0x800000a4 (0x00d65663) bge     a2, a3, pc + 12
core   0: 3 0x800000a4 (0x00d65663)
core   0: 0x800000b0 (0x00478793) addi    a5, a5, 4
core   0: 3 0x800000b0 (0x00478793) x15 0x80003ff8
core   0: 0x800000b4 (0xfeb742e3) blt     a4, a1, pc - 28
core   0: 3 0x800000b4 (0xfeb742e3)
core   0: 0x800000b8 (0xfff58593) addi    a1, a1, -1
core   0: 3 0x800000b8 (0xfff58593) x11 0x0000000b
core   0: 0x800000bc (0xfc059ae3) bnez    a1, pc - 44
core   0: 3 0x800000bc (0xfc059ae3)
core   0: 0x80000090 (0x00810793) addi    a5, sp, 8
core   0: 3 0x80000090 (0x00810793) x15 0x80003fc8
core   0: 0x80000094 (0x00000713) li      a4, 0
core   0: 3 0x80000094 (0x00000713) x14 0x00000000
core   0: 0x80000098 (0x0007a683) lw      a3, 0(a5)
core   0: 3 0x80000098 (0x0007a683) x13 0x00000002 mem 0x80003fc8
core   0: 0x8000009c (0x0047a603) lw      a2, 4(a5)
core   0: 3 0x8000009c (0x0047a603) x12 0x00000003 mem 0x80003fcc
core   0: 0x800000a0 (0x00170713) addi    a4, a4, 1
core   0: 3 0x800000a0 (0x00170713) x14 0x00000001
core   0: 0x800000a4 (0x00d65663) bge     a2, a3, pc + 12
core   0: 3 0x800000a4 (0x00d65663)
core   0: 0x800000b0 (0x00478793) addi    a5, a5, 4
core   0: 3 0x800000b0 (0x00478793) x15 0x80003fcc
core   0: 0x800000b4 (0xfeb742e3) blt     a4, a1, pc - 28
core   0: 3 0x800000b4 (0xfeb742e3)
core   0: 0x80000098 (0x0007a683) lw      a3, 0(a5)
core   0: 3 0x80000098 (0x0007a683) x13 0x00000003 mem 0x80003fcc
core   0: 0x8000009c (0x0047a603) lw      a2, 4(a5)
core   0: 3 0x8000009c (0x0047a603) x12 0x00000002 mem 0x80003fd0
core   0: 0x800000a0 (0x00170713) addi    a4, a4, 1
core   0: 3 0x800000a0 (0x00170713) x14 0x00000002
core   0: 0x800000a4 (0x00d65663) bge     a2, a3, pc + 12
core   0: 3 0x800000a4 (0x00d65663)
core   0: 0x800000a8 (0x00c7a023) sw      a2, 0(a5)
core   0: 3 0x800000a8 (0x00c7a023) mem 0x80003fcc 0x00000002
core   0: 0x800000ac (0x00d7a223) sw      a3, 4(a5)
core   0: 3 0x800000ac (0x00d7a223) mem 0x80003fd0 0x00000003
core   0: 0x800000b0 (0x00478793) addi    a5, a5, 4
core   0: 3 0x800000b0 (0x00478793) x15 0x80003fd0
core   0: 0x800000b4 (0xfeb742e3) blt     a4, a1, pc - 28
core   0: 3 0x800000b4 (0xfeb742e3)
core   0: 0x80000098 (0x0007a683) lw      a3, 0(a5)
core   0: 3 0x80000098 (0x0007a683) x13 0x00000003 mem 0x80003fd0
core   0: 0x8000009c (0x0047a603) lw      a2, 4(a5)
core   0: 3 0x8000009c (0x0047a603) x12 0x00000001 mem 0x80003fd4
core   0: 0x800000a0 (0x00170713) addi    a4, a4, 1
core   0: 3 0x800000a0 (0x00170713) x14 0x00000003
core   0: 0x800000a4 (0x00d65663) bge     a2, a3, pc + 12
core   0: 3 0x800000a4 (0x00d65663)
core   0: 0x800000a8 (0x00c7a023) sw      a2, 0(a5)
core   0: 3 0x800000a8 (0x00c7a023) mem 0x80003fd0 0x00000001
core   0: 0x800000ac (0x00d7a223) sw      a3, 4(a5)
core   0: 3 0x800000ac (0x00d7a223) mem 0x80003fd4 0x00000003
core   0: 0x800000b0 (0x00478793) addi    a5, a5, 4
core   0: 3 0x800000b0 (0x00478793) x15 0x80003fd4
core   0: 0x800000b4 (0xfeb742e3) blt     a4, a1, pc - 28
core   0: 3 0x800000b4 (0xfeb742e3)
core   0: 0x80000098 (0x0007a683) lw      a3, 0(a5)
core   0: 3 0x80000098 (0x0007a683) x13 0x00000003 mem 0x80003fd4
core   0: 0x8000009c (0x0047a603) lw      a2, 4(a5)
core   0: 3 0x8000009c (0x0047a603) x12 0x00000004 mem 0x80003fd8
core   0: 0x800000a0 (0x00170713) addi    a4, a4, 1
core   0: 3 0x800000a0 (0x00170713) x14 0x00000004
core   0: 0x800000a4 (0x00d65663) bge     a2, a3, pc + 12
core   0: 3 0x800000a4 (0x00d65663)
core   0: 0x800000b0 (0x00478793) addi    a5, a5, 4
core   0: 3 0x800000b0 (0x00478793) x15 0x80003fd8
core   0: 0x800000b4 (0xfeb742e3) blt     a4, a1, pc - 28
core   0: 3 0x800000b4 (0xfeb742e3)
core   0: 0x80000098 (0x0007a683) lw      a3, 0(a5)
core   0: 3 0x80000098 (0x0007a683) x13 0x00000004 mem 0x80003fd8
core   0: 0x8000009c (0x0047a603) lw      a2, 4(a5)
core   0: 3 0x8000009c (0x0047a603) x12 0x00000001 mem 0x80003fdc
core   0: 0x800000a0 (0x00170713) addi    a4, a4, 1
core   0: 3 0x800000a0 (0x00170713) x14 0x00000005
core   0: 0x800000a4 (0x00d65663) bge     a2, a3, pc + 12
core   0: 3 0x800000a4 (0x00d65663)
core   0: 0x800000a8 (0x00c7a023) sw      a2, 0(a5)
core   0: 3 0x800000a8 (0x00c7a023) mem 0x80003fd8 0x00000001
core   0: 0x800000ac (0x00d7a223) sw      a3, 4(a5)
core   0: 3 0x800000ac (0x00d7a223) mem 0x80003fdc 0x00000004
core   0: 0x800000b0 (0x00478793) addi    a5, a5, 4
core   0: 3 0x800000b0 (0x00478793) x15 0x80003fdc
core   0: 0x800000b4 (0xfeb742e3) blt     a4, a1, pc - 28
core   0: 3 0x800000b4 (0xfeb742e3)
core   0: 0x80000098 (0x0007a683) lw      a3, 0(a5)
core   0: 3 0x80000098 (0x0007a683) x13 0x00000004 mem 0x80003fdc
core   0: 0x8000009c (0x0047a603) lw      a2, 4(a5)
core   0: 3 0x8000009c (0x0047a603) x12 0x00000005 mem 0x80003fe0
core   0: 0x800000a0 (0x00170713) addi    a4, a4, 1
core   0: 3 0x800000a0 (0x00170713) x14 0x00000006
core   0: 0x800000a4 (0x00d65663) bge     a2, a3, pc + 12
core   0: 3 0x800000a4 (0x00d65663)
core   0: 0x800000b0 (0x00478793) addi    a5, a5, 4
core   0: 3 0x800000b0 (0x00478793) x15 0x80003fe0
core   0: 0x800000b4 (0xfeb742e3) blt     a4, a1, pc - 28
core   0: 3 0x800000b4 (0xfeb742e3)
core   0: 0x80000098 (0x0007a683) lw      a3, 0(a5)
core   0: 3 0x80000098 (0x0007a683) x13 0x00000005 mem 0x80003fe0
core   0: 0x8000009c (0x0047a603) lw      a2, 4(a5)
core   0: 3 0x8000009c (0x0047a603) x12 0x00000001 mem 0x80003fe4
core   0: 0x800000a0 (0x00170713) addi    a4, a4, 1
core   0: 3 0x800000a0 (0x00170713) x14 0x00000007
core   0: 0x800000a4 (0x00d65663) bge     a2, a3, pc + 12
core   0: 3 0x800000a4 (0x00d65663)
core   0: 0x800000a8 (0x00c7a023) sw      a2, 0(a5)
core   0: 3 0x800000a8 (0x00c7a023) mem 0x80003fe0 0x00000001
core   0: 0x800000ac (0x00d7a223) sw      a3, 4(a5)
core   0: 3 0x800000ac (0x00d7a223) mem 0x80003fe4 0x00000005
core   0: 0x800000b0 (0x00478793) addi    a5, a5, 4
core   0: 3 0x800000b0 (0x00478793) x15 0x80003fe4
core   0: 0x800000b4 (0xfeb742e3) blt     a4, a1, pc - 28
core   0: 3 0x800000b4 (0xfeb742e3)
core   0: 0x80000098 (0x0007a683) lw      a3, 0(a5)
core   0: 3 0x80000098 (0x0007a683) x13 0x00000005 mem 0x80003fe4
core   0: 0x8000009c (0x0047a603) lw      a2, 4(a5)
core   0: 3 0x8000009c (0x0047a603) x12 0x00000005 mem 0x80003fe8
core   0: 0x800000a0 (0x00170713) addi    a4, a4, 1
core   0: 3 0x800000a0 (0x00170713) x14 0x00000008
core   0: 0x800000a4 (0x00d65663) bge     a2, a3, pc + 12
core   0: 3 0x800000a4 (0x00d65663)
core   0: 0x800000b0 (0x00478793) addi    a5, a5, 4
core   0: 3 0x800000b0 (0x00478793) x15 0x80003fe8
core   0: 0x800000b4 (0xfeb742e3) blt     a4, a1, pc - 28
core   0: 3 0x800000b4 (0xfeb742e3)
core   0: 0x80000098 (0x0007a683) lw      a3, 0(a5)
core   0: 3 0x80000098 (0x0007a683) x13 0x00000005 mem 0x80003fe8
core   0: 0x8000009c (0x0047a603) lw      a2, 4(a5)
core   0: 3 0x8000009c (0x0047a603) x12 0x00000006 mem 0x80003fec
core   0: 0x800000a0 (0x00170713) addi    a4, a4, 1
core   0: 3 0x800000a0 (0x00170713) x14 0x00000009
core   0: 0x800000a4 (0x00d65663) bge     a2, a3, pc + 12
core   0: 3 0x800000a4 (0x00d65663)
core   0: 0x800000b0 (0x00478793) addi    a5, a5, 4
core   0: 3 0x800000b0 (0x00478793) x15 0x80003fec
core   0: 0x800000b4 (0xfeb742e3) blt     a4, a1, pc - 28
core   0: 3 0x800000b4 (0xfeb742e3)
core   0: 0x80000098 (0x0007a683) lw      a3, 0(a5)
core   0: 3 0x80000098 (0x0007a683) x13 0x00000006 mem 0x80003fec
core   0: 0x8000009c (0x0047a603) lw      a2, 4(a5)
core   0: 3 0x8000009c (0x0047a603) x12 0x00000003 mem 0x80003ff0
core   0: 0x800000a0 (0x00170713) addi    a4, a4, 1
core   0: 3 0x800000a0 (0x00170713) x14 0x0000000a
core   0: 0x800000a4 (0x00d65663) bge     a2, a3, pc + 12
core   0: 3 0x800000a4 (0x00d65663)
core   0: 0x800000a8 (0x00c7a023) sw      a2, 0(a5)
core   0: 3 0x800000a8 (0x00c7a023) mem 0x80003fec 0x00000003
core   0: 0x800000ac (0x00d7a223) sw      a3, 4(a5)
core   0: 3 0x800000ac (0x00d7a223) mem 0x80003ff0 0x00000006
core   0: 0x800000b0 (0x00478793) addi    a5, a5, 4
core   0: 3 0x800000b0 (0x00478793) x15 0x80003ff0
core   0: 0x800000b4 (0xfeb742e3) blt     a4, a1, pc - 28
core   0: 3 0x800000b4 (0xfeb742e3)
core   0: 0x80000098 (0x0007a683) lw      a3, 0(a5)
core   0: 3 0x80000098 (0x0007a683) x13 0x00000006 mem 0x80003ff0
core   0: 0x8000009c (0x0047a603) lw      a2, 4(a5)
core   0: 3 0x8000009c (0x0047a603) x12 0x00000007 mem 0x80003ff4
core   0: 0x800000a0 (0x00170713) addi    a4, a4, 1
core   0: 3 0x800000a0 (0x00170713) x14 0x0000000b
core   0: 0x800000a4 (0x00d65663) bge     a2, a3, pc + 12
core   0: 3 0x800000a4 (0x00d65663)
core   0: 0x800000b0 (0x00478793) addi    a5, a5, 4
core   0: 3 0x800000b0 (0x00478793) x15 0x80003ff4
core   0: 0x800000b4 (0xfeb742e3) blt     a4, a1, pc - 28
core   0: 3 0x800000b4 (0xfeb742e3)
core   0: 0x800000b8 (0xfff58593) addi    a1, a1, -1
core   0: 3 0x800000b8 (0xfff58593) x11 0x0000000a
core   0: 0x800000bc (0xfc059ae3) bnez    a1, pc - 44
core   0: 3 0x800000bc (0xfc059ae3)
core   0: 0x80000090 (0x00810793) addi    a5, sp, 8
core   0: 3 0x80000090 (0x00810793) x15 0x80003fc8
core   0: 0x80000094 (0x00000713) li      a4, 0
core   0: 3 0x80000094 (0x00000713) x14 0x00000000
core   0: 0x80000098 (0x0007a683) lw      a3, 0(a5)
core   0: 3 0x80000098 (0x0007a683) x13 0x00000002 mem 0x80003fc8
core   0: 0x8000009c (0x0047a603) lw      a2, 4(a5)
core   0: 3 0x8000009c (0x0047a603) x12 0x00000002 mem 0x80003fcc
core   0: 0x800000a0 (0x00170713) addi    a4, a4, 1
core   0: 3 0x800000a0 (0x00170713) x14 0x00000001
core   0: 0x800000a4 (0x00d65663) bge     a2, a3, pc + 12
core   0: 3 0x800000a4 (0x00d65663)
core   0: 0x800000b0 (0x00478793) addi    a5, a5, 4
core   0: 3 0x800000b0 (0x00478793) x15 0x80003fcc
core   0: 0x800000b4 (0xfeb742e3) blt     a4, a1, pc - 28
core   0: 3 0x800000b4 (0xfeb742e3)
core   0: 0x80000098 (0x0007a683) lw      a3, 0(a5)
core   0: 3 0x80000098 (0x0007a683) x13 0x00000002 mem 0x80003fcc
core   0: 0x8000009c (0x0047a603) lw      a2, 4(a5)
core   0: 3 0x8000009c (0x0047a603) x12 0x00000001 mem 0x80003fd0
core   0: 0x800000a0 (0x00170713) addi    a4, a4, 1
core   0: 3 0x800000a0 (0x00170713) x14 0x00000002
core   0: 0x800000a4 (0x00d65663) bge     a2, a3, pc + 12
core   0: 3 0x800000a4 (0x00d65663)
core   0: 0x800000a8 (0x00c7a023) sw      a2, 0(a5)
core   0: 3 0x800000a8 (0x00c7a023) mem 0x80003fcc 0x00000001
core   0: 0x800000ac (0x00d7a223) sw      a3, 4(a5)
core   0: 3 0x800000ac (0x00d7a223) mem 0x80003fd0 0x00000002
core   0: 0x800000b0 (0x00478793) addi    a5, a5, 4
core   0: 3 0x800000b0 (0x00478793) x15 0x80003fd0
core   0: 0x800000b4 (0xfeb742e3) blt     a4, a1, pc - 28
core   0: 3 0x800000b4 (0xfeb742e3)
core   0: 0x80000098 (0x0007a683) lw      a3, 0(a5)
core   0: 3 0x80000098 (0x0007a683) x13 0x00000002 mem 0x80003fd0
core   0: 0x8000009c (0x0047a603) lw      a2, 4(a5)
core   0: 3 0x8000009c (0x0047a603) x12 0x00000003 mem 0x80003fd4
core   0: 0x800000a0 (0x00170713) addi    a4, a4, 1
core   0: 3 0x800000a0 (0x00170713) x14 0x00000003
core   0: 0x800000a4 (0x00d65663) bge     a2, a3, pc + 12
core   0: 3 0x800000a4 (0x00d65663)
core   0: 0x800000b0 (0x00478793) addi    a5, a5, 4
core   0: 3 0x800000b0 (0x00478793) x15 0x80003fd4
core   0: 0x800000b4 (0xfeb742e3) blt     a4, a1, pc - 28
core   0: 3 0x800000b4 (0xfeb742e3)
core   0: 0x80000098 (0x0007a683) lw      a3, 0(a5)
core   0: 3 0x80000098 (0x0007a683) x13 0x00000003 mem 0x80003fd4
core   0: 0x8000009c (0x0047a603) lw      a2, 4(a5)
core   0: 3 0x8000009c (0x0047a603) x12 0x00000001 mem 0x80003fd8
core   0: 0x800000a0 (0x00170713) addi    a4, a4, 1
core   0: 3 0x800000a0 (0x00170713) x14 0x00000004
core   0: 0x800000a4 (0x00d65663) bge     a2, a3, pc + 12
core   0: 3 0x800000a4 (0x00d65663)
core   0: 0x800000a8 (0x00c7a023) sw      a2, 0(a5)
core   0: 3 0x800000a8 (0x00c7a023) mem 0x80003fd4 0x00000001
core   0: 0x800000ac (0x00d7a223) sw      a3, 4(a5)
core   0: 3 0x800000ac (0x00d7a223) mem 0x80003fd8 0x00000003
core   0: 0x800000b0 (0x00478793) addi    a5, a5, 4
core   0: 3 0x800000b0 (0x00478793) x15 0x80003fd8
core   0: 0x800000b4 (0xfeb742e3) blt     a4, a1, pc - 28
core   0: 3 0x800000b4 (0xfeb742e3)
core   0: 0x80000098 (0x0007a683) lw      a3, 0(a5)
core   0: 3 0x80000098 (0x0007a683) x13 0x00000003 mem 0x80003fd8
core   0: 0x8000009c (0x0047a603) lw      a2, 4(a5)
core   0: 3 0x8000009c (0x0047a603) x12 0x00000004 mem 0x80003fdc
core   0: 0x800000a0 (0x00170713) addi    a4, a4, 1
core   0: 3 0x800000a0 (0x00170713) x14 0x00000005
core   0: 0x800000a4 (0x00d65663) bge     a2, a3, pc + 12
core   0: 3 0x800000a4 (0x00d65663)
core   0: 0x800000b0 (0x00478793) addi    a5, a5, 4
core   0: 3 0x800000b0 (0x00478793) x15 0x80003fdc
core   0: 0x800000b4 (0xfeb742e3) blt     a4, a1, pc - 28
core   0: 3 0x800000b4 (0xfeb742e3)
core   0: 0x80000098 (0x0007a683) lw      a3, 0(a5)
core   0: 3 0x80000098 (0x0007a683) x13 0x00000004 mem 0x80003fdc
core   0: 0x8000009c (0x0047a603) lw      a2, 4(a5)
core   0: 3 0x8000009c (0x0047a603) x12 0x00000001 mem 0x80003fe0
core   0: 0x800000a0 (0x00170713) addi    a4, a4, 1
core   0: 3 0x800000a0 (0x00170713) x14 0x00000006
core   0: 0x800000a4 (0x00d65663) bge     a2, a3, pc + 12
core   0: 3 0x800000a4 (0x00d65663)
core   0: 0x800000a8 (0x00c7a023) sw      a2, 0(a5)
core   0: 3 0x800000a8 (0x00c7a023) mem 0x80003fdc 0x00000001
core   0: 0x800000ac (0x00d7a223) sw      a3, 4(a5)
core   0: 3 0x800000ac (0x00d7a223) mem 0x80003fe0 0x00000004
core   0: 0x800000b0 (0x00478793) addi    a5, a5, 4
core   0: 3 0x800000b0 (0x00478793) x15 0x80003fe0
core   0: 0x800000b4 (0xfeb742e3) blt     a4, a1, pc - 28
core   0: 3 0x800000b4 (0xfeb742e3)
core   0: 0x80000098 (0x0007a683) lw      a3, 0(a5)
core   0: 3 0x80000098 (0x0007a683) x13 0x00000004 mem 0x80003fe0
core   0: 0x8000009c (0x0047a603) lw      a2, 4(a5)
core   0: 3 0x8000009c (0x0047a603) x12 0x00000005 mem 0x80003fe4
core   0: 0x800000a0 (0x00170713) addi    a4, a4, 1
core   0: 3 0x800000a0 (0x00170713) x14 0x00000007
core   0: 0x800000a4 (0x00d65663) bge     a2, a3, pc + 12
core   0: 3 0x800000a4 (0x00d65663)
core   0: 0x800000b0 (0x00478793) addi    a5, a5, 4
core   0: 3 0x800000b0 (0x00478793) x15 0x80003fe4
core   0: 0x800000b4 (0xfeb742e3) blt     a4, a1, pc - 28
core   0: 3 0x800000b4 (0xfeb742e3)
core   0: 0x80000098 (0x0007a683) lw      a3, 0(a5)
core   0: 3 0x80000098 (0x0007a683) x13 0x00000005 mem 0x80003fe4
core   0: 0x8000009c (0x0047a603) lw      a2, 4(a5)
core   0: 3 0x8000009c (0x0047a603) x12 0x00000005 mem 0x80003fe8
core   0: 0x800000a0 (0x00170713) addi    a4, a4, 1
core   0: 3 0x800000a0 (0x00170713) x14 0x00000008
core   0: 0x800000a4 (0x00d65663) bge     a2, a3, pc + 12
core   0: 3 0x800000a4 (0x00d65663)
core   0: 0x800000b0 (0x00478793) addi    a5, a5, 4
core   0: 3 0x800000b0 (0x00478793) x15 0x80003fe8
core   0: 0x800000b4 (0xfeb742e3) blt     a4, a1, pc - 28
core   0: 3 0x800000b4 (0xfeb742e3)
core   0: 0x80000098 (0x0007a683) lw      a3, 0(a5)
core   0: 3 0x80000098 (0x0007a683) x13 0x00000005 mem 0x80003fe8
core   0: 0x8000009c (0x0047a603) lw      a2, 4(a5)
core   0: 3 0x8000009c (0x0047a603) x12 0x00000003 mem 0x80003fec
core   0: 0x800000a0 (0x00170713) addi    a4, a4, 1
core   0: 3 0x800000a0 (0x00170713) x14 0x00000009
core   0: 0x800000a4 (0x00d65663) bge     a2, a3, pc + 12
core   0: 3 0x800000a4 (0x00d65663)
core   0: 0x800000a8 (0x00c7a023) sw      a2, 0(a5)
core   0: 3 0x800000a8 (0x00c7a023) mem 0x80003fe8 0x00000003
core   0: 0x800000ac (0x00d7a223) sw      a3, 4(a5)
core   0: 3 0x800000ac (0x00d7a223) mem 0x80003fec 0x00000005
core   0: 0x800000b0 (0x00478793) addi    a5, a5, 4
core   0: 3 0x800000b0 (0x00478793) x15 0x80003fec
core   0: 0x800000b4 (0xfeb742e3) blt     a4, a1, pc - 28
core   0: 3 0x800000b4 (0xfeb742e3)
core   0: 0x80000098 (0x0007a683) lw      a3, 0(a5)
core   0: 3 0x80000098 (0x0007a683) x13 0x00000005 mem 0x80003fec
core   0: 0x8000009c (0x0047a603) lw      a2, 4(a5)
core   0: 3 0x8000009c (0x0047a603) x12 0x00000006 mem 0x80003ff0
core   0: 0x800000a0 (0x00170713) addi    a4, a4, 1
core   0: 3 0x800000a0 (0x00170713) x14 0x0000000a
core   0: 0x800000a4 (0x00d65663) bge     a2, a3, pc + 12
core   0: 3 0x800000a4 (0x00d65663)
core   0: 0x800000b0 (0x00478793) addi    a5, a5, 4
core   0: 3 0x800000b0 (0x00478793) x15 0x80003ff0
core   0: 0x800000b4 (0xfeb742e3) blt     a4, a1, pc - 28
core   0: 3 0x800000b4 (0xfeb742e3)
core   0: 0x800000b8 (0xfff58593) addi    a1, a1, -1
core   0: 3 0x800000b8 (0xfff58593) x11 0x00000009
core   0: 0x800000bc (0xfc059ae3) bnez    a1, pc - 44
core   0: 3 0x800000bc (0xfc059ae3)
core   0: 0x80000090 (0x00810793) addi    a5, sp, 8
core   0: 3 0x80000090 (0x00810793) x15 0x80003fc8
core   0: 0x80000094 (0x00000713) li      a4, 0
core   0: 3 0x80000094 (0x00000713) x14 0x00000000
core   0: 0x80000098 (0x0007a683) lw      a3, 0(a5)
core   0: 3 0x80000098 (0x0007a683) x13 0x00000002 mem 0x80003fc8
core   0: 0x8000009c (0x0047a603) lw      a2, 4(a5)
core   0: 3 0x8000009c (0x0047a603) x12 0x00000001 mem 0x80003fcc
core   0: 0x800000a0 (0x00170713) addi    a4, a4, 1
core   0: 3 0x800000a0 (0x00170713) x14 0x00000001
core   0: 0x800000a4 (0x00d65663) bge     a2, a3, pc + 12
core   0: 3 0x800000a4 (0x00d65663)
core   0: 0x800000a8 (0x00c7a023) sw      a2, 0(a5)
core   0: 3 0x800000a8 (0x00c7a023) mem 0x80003fc8 0x00000001
core   0: 0x800000ac (0x00d7a223) sw      a3, 4(a5)
core   0: 3 0x800000ac (0x00d7a223) mem 0x80003fcc 0x00000002
core   0: 0x800000b0 (0x00478793) addi    a5, a5, 4
core   0: 3 0x800000b0 (0x00478793) x15 0x80003fcc
core   0: 0x800000b4 (0xfeb742e3) blt     a4, a1, pc - 28
core   0: 3 0x800000b4 (0xfeb742e3)
core   0: 0x80000098 (0x0007a683) lw      a3, 0(a5)
core   0: 3 0x80000098 (0x0007a683) x13 0x00000002 mem 0x80003fcc
core   0: 0x8000009c (0x0047a603) lw      a2, 4(a5)
core   0: 3 0x8000009c (0x0047a603) x12 0x00000002 mem 0x80003fd0
core   0: 0x800000a0 (0x00170713) addi    a4, a4, 1
core   0: 3 0x800000a0 (0x00170713) x14 0x00000002
core   0: 0x800000a4 (0x00d65663) bge     a2, a3, pc + 12
core   0: 3 0x800000a4 (0x00d65663)
core   0: 0x800000b0 (0x00478793) addi    a5, a5, 4
core   0: 3 0x800000b0 (0x00478793) x15 0x80003fd0
core   0: 0x800000b4 (0xfeb742e3) blt     a4, a1, pc - 28
core   0: 3 0x800000b4 (0xfeb742e3)
core   0: 0x80000098 (0x0007a683) lw      a3, 0(a5)
core   0: 3 0x80000098 (0x0007a683) x13 0x00000002 mem 0x80003fd0
core   0: 0x8000009c (0x0047a603) lw      a2, 4(a5)
core   0: 3 0x8000009c (0x0047a603) x12 0x00000001 mem 0x80003fd4
core   0: 0x800000a0 (0x00170713) addi    a4, a4, 1
core   0: 3 0x800000a0 (0x00170713) x14 0x00000003
core   0: 0x800000a4 (0x00d65663) bge     a2, a3, pc + 12
core   0: 3 0x800000a4 (0x00d65663)
core   0: 0x800000a8 (0x00c7a023) sw      a2, 0(a5)
core   0: 3 0x800000a8 (0x00c7a023) mem 0x80003fd0 0x00000001
core   0: 0x800000ac (0x00d7a223) sw      a3, 4(a5)
core   0: 3 0x800000ac (0x00d7a223) mem 0x80003fd4 0x00000002
core   0: 0x800000b0 (0x00478793) addi    a5, a5, 4
core   0: 3 0x800000b0 (0x00478793) x15 0x80003fd4
core   0: 0x800000b4 (0xfeb742e3) blt     a4, a1, pc - 28
core   0: 3 0x800000b4 (0xfeb742e3)
core   0: 0x80000098 (0x0007a683) lw      a3, 0(a5)
core   0: 3 0x80000098 (0x0007a683) x13 0x00000002 mem 0x80003fd4
core   0: 0x8000009c (0x0047a603) lw      a2, 4(a5)
core   0: 3 0x8000009c (0x0047a603) x12 0x00000003 mem 0x80003fd8
core   0: 0x800000a0 (0x00170713) addi    a4, a4, 1
core   0: 3 0x800000a0 (0x00170713) x14 0x00000004
core   0: 0x800000a4 (0x00d65663) bge     a2, a3, pc + 12
core   0: 3 0x800000a4 (0x00d65663)
core   0: 0x800000b0 (0x00478793) addi    a5, a5, 4
core   0: 3 0x800000b0 (0x00478793) x15 0x80003fd8
core   0: 0x800000b4 (0xfeb742e3) blt     a4, a1, pc - 28
core   0: 3 0x800000b4 (0xfeb742e3)
core   0: 0x80000098 (0x0007a683) lw      a3, 0(a5)
core   0: 3 0x80000098 (0x0007a683) x13 0x00000003 mem 0x80003fd8
core   0: 0x8000009c (0x0047a603) lw      a2, 4(a5)
core   0: 3 0x8000009c (0x0047a603) x12 0x00000001 mem 0x80003fdc
core   0: 0x800000a0 (0x00170713) addi    a4, a4, 1
core   0: 3 0x800000a0 (0x00170713) x14 0x00000005
core   0: 0x800000a4 (0x00d65663) bge     a2, a3, pc + 12
core   0: 3 0x800000a4 (0x00d65663)
core   0: 0x800000a8 (0x00c7a023) sw      a2, 0(a5)
core   0: 3 0x800000a8 (0x00c7a023) mem 0x80003fd8 0x00000001
core   0: 0x800000ac (0x00d7a223) sw      a3, 4(a5)
core   0: 3 0x800000ac (0x00d7a223) mem 0x80003fdc 0x00000003
core   0: 0x800000b0 (0x00478793) addi    a5, a5, 4
core   0: 3 0x800000b0 (0x00478793) x15 0x80003fdc
core   0: 0x800000b4 (0xfeb742e3) blt     a4, a1, pc - 28
core   0: 3 0x800000b4 (0xfeb742e3)
core   0: 0x80000098 (0x0007a683) lw      a3, 0(a5)
core   0: 3 0x80000098 (0x0007a683) x13 0x00000003 mem 0x80003fdc
core   0: 0x8000009c (0x0047a603) lw      a2, 4(a5)
core   0: 3 0x8000009c (0x0047a603) x12 0x00000004 mem 0x80003fe0
core   0: 0x800000a0 (0x00170713) addi    a4, a4, 1
core   0: 3 0x800000a0 (0x00170713) x14 0x00000006
core   0: 0x800000a4 (0x00d65663) bge     a2, a3, pc + 12
core   0: 3 0x800000a4 (0x00d65663)
core   0: 0x800000b0 (0x00478793) addi    a5, a5, 4
core   0: 3 0x800000b0 (0x00478793) x15 0x80003fe0
core   0: 0x800000b4 (0xfeb742e3) blt     a4, a1, pc - 28
core   0: 3 0x800000b4 (0xfeb742e3)
core   0: 0x80000098 (0x0007a683) lw      a3, 0(a5)
core   0: 3 0x80000098 (0x0007a683) x13 0x00000004 mem 0x80003fe0
core   0: 0x8000009c (0x0047a603) lw      a2, 4(a5)
core   0: 3 0x8000009c (0x0047a603) x12 0x00000005 mem 0x80003fe4
core   0: 0x800000a0 (0x00170713) addi    a4, a4, 1
core   0: 3 0x800000a0 (0x00170713) x14 0x00000007
core   0: 0x800000a4 (0x00d65663) bge     a2, a3, pc + 12
core   0: 3 0x800000a4 (0x00d65663)
core   0: 0x800000b0 (0x00478793) addi    a5, a5, 4
core   0: 3 0x800000b0 (0x00478793) x15 0x80003fe4
core   0: 0x800000b4 (0xfeb742e3) blt     a4, a1, pc - 28
core   0: 3 0x800000b4 (0xfeb742e3)
core   0: 0x80000098 (0x0007a683) lw      a3, 0(a5)
core   0: 3 0x80000098 (0x0007a683) x13 0x00000005 mem 0x80003fe4
core   0: 0x8000009c (0x0047a603) lw      a2, 4(a5)
core   0: 3 0x8000009c (0x0047a603) x12 0x00000003 mem 0x80003fe8
core   0: 0x800000a0 (0x00170713) addi    a4, a4, 1
core   0: 3 0x800000a0 (0x00170713) x14 0x00000008
core   0: 0x800000a4 (0x00d65663) bge     a2, a3, pc + 12
core   0: 3 0x800000a4 (0x00d65663)
core   0: 0x800000a8 (0x00c7a023) sw      a2, 0(a5)
core   0: 3 0x800000a8 (0x00c7a023) mem 0x80003fe4 0x00000003
core   0: 0x800000ac (0x00d7a223) sw      a3, 4(a5)
core   0: 3 0x800000ac (0x00d7a223) mem 0x80003fe8 0x00000005
core   0: 0x800000b0 (0x00478793) addi    a5, a5, 4
core   0: 3 0x800000b0 (0x00478793) x15 0x80003fe8
core   0: 0x800000b4 (0xfeb742e3) blt     a4, a1, pc - 28
core   0: 3 0x800000b4 (0xfeb742e3)
core   0: 0x80000098 (0x0007a683) lw      a3, 0(a5)
core   0: 3 0x80000098 (0x0007a683) x13 0x00000005 mem 0x80003fe8
core   0: 0x8000009c (0x0047a603) lw      a2, 4(a5)
core   0: 3 0x8000009c (0x0047a603) x12 0x00000005 mem 0x80003fec
core   0: 0x800000a0 (0x00170713) addi    a4, a4, 1
core   0: 3 0x800000a0 (0x00170713) x14 0x00000009
core   0: 0x800000a4 (0x00d65663) bge     a2, a3, pc + 12
core   0: 3 0x800000a4 (0x00d65663)
core   0: 0x800000b0 (0x00478793) addi    a5, a5, 4
core   0: 3 0x800000b0 (0x00478793) x15 0x80003fec
core   0: 0x800000b4 (0xfeb742e3) blt     a4, a1, pc - 28
core   0: 3 0x800000b4 (0xfeb742e3)
core   0: 0x800000b8 (0xfff58593) addi    a1, a1, -1
core   0: 3 0x800000b8 (0xfff58593) x11 0x00000008
core   0: 0x800000bc (0xfc059ae3) bnez    a1, pc - 44
core   0: 3 0x800000bc (0xfc059ae3)
core   0: 0x80000090 (0x00810793) addi    a5, sp, 8
core   0: 3 0x80000090 (0x00810793) x15 0x80003fc8
core   0: 0x80000094 (0x00000713) li      a4, 0
core   0: 3 0x80000094 (0x00000713) x14 0x00000000
core   0: 0x80000098 (0x0007a683) lw      a3, 0(a5)
core   0: 3 0x80000098 (0x0007a683) x13 0x00000001 mem 0x80003fc8
core   0: 0x8000009c (0x0047a603) lw      a2, 4(a5)
core   0: 3 0x8000009c (0x0047a603) x12 0x00000002 mem 0x80003fcc
core   0: 0x800000a0 (0x00170713) addi    a4, a4, 1
core   0: 3 0x800000a0 (0x00170713) x14 0x00000001
core   0: 0x800000a4 (0x00d65663) bge     a2, a3, pc + 12
core   0: 3 0x800000a4 (0x00d65663)
core   0: 0x800000b0 (0x00478793) addi    a5, a5, 4
core   0: 3 0x800000b0 (0x00478793) x15 0x80003fcc
core   0: 0x800000b4 (0xfeb742e3) blt     a4, a1, pc - 28
core   0: 3 0x800000b4 (0xfeb742e3)
core   0: 0x80000098 (0x0007a683) lw      a3, 0(a5)
core   0: 3 0x80000098 (0x0007a683) x13 0x00000002 mem 0x80003fcc
core   0: 0x8000009c (0x0047a603) lw      a2, 4(a5)
core   0: 3 0x8000009c (0x0047a603) x12 0x00000001 mem 0x80003fd0
core   0: 0x800000a0 (0x00170713) addi    a4, a4, 1
core   0: 3 0x800000a0 (0x00170713) x14 0x00000002
core   0: 0x800000a4 (0x00d65663) bge     a2, a3, pc + 12
core   0: 3 0x800000a4 (0x00d65663)
core   0: 0x800000a8 (0x00c7a023) sw      a2, 0(a5)
core   0: 3 0x800000a8 (0x00c7a023) mem 0x80003fcc 0x00000001
core   0: 0x800000ac (0x00d7a223) sw      a3, 4(a5)
core   0: 3 0x800000ac (0x00d7a223) mem 0x80003fd0 0x00000002
core   0: 0x800000b0 (0x00478793) addi    a5, a5, 4
core   0: 3 0x800000b0 (0x00478793) x15 0x80003fd0
core   0: 0x800000b4 (0xfeb742e3) blt     a4, a1, pc - 28
core   0: 3 0x800000b4 (0xfeb742e3)
core   0: 0x80000098 (0x0007a683) lw      a3, 0(a5)
core   0: 3 0x80000098 (0x0007a683) x13 0x00000002 mem 0x80003fd0
core   0: 0x8000009c (0x0047a603) lw      a2, 4(a5)
core   0: 3 0x8000009c (0x0047a603) x12 0x00000002 mem 0x80003fd4
core   0: 0x800000a0 (0x00170713) addi    a4, a4, 1
core   0: 3 0x800000a0 (0x00170713) x14 0x00000003
core   0: 0x800000a4 (0x00d65663) bge     a2, a3, pc + 12
core   0: 3 0x800000a4 (0x00d65663)
core   0: 0x800000b0 (0x00478793) addi    a5, a5, 4
core   0: 3 0x800000b0 (0x00478793) x15 0x80003fd4
core   0: 0x800000b4 (0xfeb742e3) blt     a4, a1, pc - 28
core   0: 3 0x800000b4 (0xfeb742e3)
core   0: 0x80000098 (0x0007a683) lw      a3, 0(a5)
core   0: 3 0x80000098 (0x0007a683) x13 0x00000002 mem 0x80003fd4
core   0: 0x8000009c (0x0047a603) lw      a2, 4(a5)
core   0: 3 0x8000009c (0x0047a603) x12 0x00000001 mem 0x80003fd8
core   0: 0x800000a0 (0x00170713) addi    a4, a4, 1
core   0: 3 0x800000a0 (0x00170713) x14 0x00000004
core   0: 0x800000a4 (0x00d65663) bge     a2, a3, pc + 12
core   0: 3 0x800000a4 (0x00d65663)
core   0: 0x800000a8 (0x00c7a023) sw      a2, 0(a5)
core   0: 3 0x800000a8 (0x00c7a023) mem 0x80003fd4 0x00000001
core   0: 0x800000ac (0x00d7a223) sw      a3, 4(a5)
core   0: 3 0x800000ac (0x00d7a223) mem 0x80003fd8 0x00000002
core   0: 0x800000b0 (0x00478793) addi    a5, a5, 4
core   0: 3 0x800000b0 (0x00478793) x15 0x80003fd8
core   0: 0x800000b4 (0xfeb742e3) blt     a4, a1, pc - 28
core   0: 3 0x800000b4 (0xfeb742e3)
core   0: 0x80000098 (0x0007a683) lw      a3, 0(a5)
core   0: 3 0x80000098 (0x0007a683) x13 0x00000002 mem 0x80003fd8
core   0: 0x8000009c (0x0047a603) lw      a2, 4(a5)
core   0: 3 0x8000009c (0x0047a603) x12 0x00000003 mem 0x80003fdc
core   0: 0x800000a0 (0x00170713) addi    a4, a4, 1
core   0: 3 0x800000a0 (0x00170713) x14 0x00000005
core   0: 0x800000a4 (0x00d65663) bge     a2, a3, pc + 12
core   0: 3 0x800000a4 (0x00d65663)
core   0: 0x800000b0 (0x00478793) addi    a5, a5, 4
core   0: 3 0x800000b0 (0x00478793) x15 0x80003fdc
core   0: 0x800000b4 (0xfeb742e3) blt     a4, a1, pc - 28
core   0: 3 0x800000b4 (0xfeb742e3)
core   0: 0x80000098 (0x0007a683) lw      a3, 0(a5)
core   0: 3 0x80000098 (0x0007a683) x13 0x00000003 mem 0x80003fdc
core   0: 0x8000009c (0x0047a603) lw      a2, 4(a5)
core   0: 3 0x8000009c (0x0047a603) x12 0x00000004 mem 0x80003fe0
core   0: 0x800000a0 (0x00170713) addi    a4, a4, 1
core   0: 3 0x800000a0 (0x00170713) x14 0x00000006
core   0: 0x800000a4 (0x00d65663) bge     a2, a3, pc + 12
core   0: 3 0x800000a4 (0x00d65663)
core   0: 0x800000b0 (0x00478793) addi    a5, a5, 4
core   0: 3 0x800000b0 (0x00478793) x15 0x80003fe0
core   0: 0x800000b4 (0xfeb742e3) blt     a4, a1, pc - 28
core   0: 3 0x800000b4 (0xfeb742e3)
core   0: 0x80000098 (0x0007a683) lw      a3, 0(a5)
core   0: 3 0x80000098 (0x0007a683) x13 0x00000004 mem 0x80003fe0
core   0: 0x8000009c (0x0047a603) lw      a2, 4(a5)
core   0: 3 0x8000009c (0x0047a603) x12 0x00000003 mem 0x80003fe4
core   0: 0x800000a0 (0x00170713) addi    a4, a4, 1
core   0: 3 0x800000a0 (0x00170713) x14 0x00000007
core   0: 0x800000a4 (0x00d65663) bge     a2, a3, pc + 12
core   0: 3 0x800000a4 (0x00d65663)
core   0: 0x800000a8 (0x00c7a023) sw      a2, 0(a5)
core   0: 3 0x800000a8 (0x00c7a023) mem 0x80003fe0 0x00000003
core   0: 0x800000ac (0x00d7a223) sw      a3, 4(a5)
core   0: 3 0x800000ac (0x00d7a223) mem 0x80003fe4 0x00000004
core   0: 0x800000b0 (0x00478793) addi    a5, a5, 4
core   0: 3 0x800000b0 (0x00478793) x15 0x80003fe4
core   0: 0x800000b4 (0xfeb742e3) blt     a4, a1, pc - 28
core   0: 3 0x800000b4 (0xfeb742e3)
core   0: 0x80000098 (0x0007a683) lw      a3, 0(a5)
core   0: 3 0x80000098 (0x0007a683) x13 0x00000004 mem 0x80003fe4
core   0: 0x8000009c (0x0047a603) lw      a2, 4(a5)
core   0: 3 0x8000009c (0x0047a603) x12 0x00000005 mem 0x80003fe8
core   0: 0x800000a0 (0x00170713) addi    a4, a4, 1
core   0: 3 0x800000a0 (0x00170713) x14 0x00000008
core   0: 0x800000a4 (0x00d65663) bge     a2, a3, pc + 12
core   0: 3 0x800000a4 (0x00d65663)
core   0: 0x800000b0 (0x00478793) addi    a5, a5, 4
core   0: 3 0x800000b0 (0x00478793) x15 0x80003fe8
core   0: 0x800000b4 (0xfeb742e3) blt     a4, a1, pc - 28
core   0: 3 0x800000b4 (0xfeb742e3)
core   0: 0x800000b8 (0xfff58593) addi    a1, a1, -1
core   0: 3 0x800000b8 (0xfff58593) x11 0x00000007
core   0: 0x800000bc (0xfc059ae3) bnez    a1, pc - 44
core   0: 3 0x800000bc (0xfc059ae3)
core   0: 0x80000090 (0x00810793) addi    a5, sp, 8
core   0: 3 0x80000090 (0x00810793) x15 0x80003fc8
core   0: 0x80000094 (0x00000713) li      a4, 0
core   0: 3 0x80000094 (0x00000713) x14 0x00000000
core   0: 0x80000098 (0x0007a683) lw      a3, 0(a5)
core   0: 3 0x80000098 (0x0007a683) x13 0x00000001 mem 0x80003fc8
core   0: 0x8000009c (0x0047a603) lw      a2, 4(a5)
core   0: 3 0x8000009c (0x0047a603) x12 0x00000001 mem 0x80003fcc
core   0: 0x800000a0 (0x00170713) addi    a4, a4, 1
core   0: 3 0x800000a0 (0x00170713) x14 0x00000001
core   0: 0x800000a4 (0x00d65663) bge     a2, a3, pc + 12
core   0: 3 0x800000a4 (0x00d65663)
core   0: 0x800000b0 (0x00478793) addi    a5, a5, 4
core   0: 3 0x800000b0 (0x00478793) x15 0x80003fcc
core   0: 0x800000b4 (0xfeb742e3) blt     a4, a1, pc - 28
core   0: 3 0x800000b4 (0xfeb742e3)
core   0: 0x80000098 (0x0007a683) lw      a3, 0(a5)
core   0: 3 0x80000098 (0x0007a683) x13 0x00000001 mem 0x80003fcc
core   0: 0x8000009c (0x0047a603) lw      a2, 4(a5)
core   0: 3 0x8000009c (0x0047a603) x12 0x00000002 mem 0x80003fd0
core   0: 0x800000a0 (0x00170713) addi    a4, a4, 1
core   0: 3 0x800000a0 (0x00170713) x14 0x00000002
core   0: 0x800000a4 (0x00d65663) bge     a2, a3, pc + 12
core   0: 3 0x800000a4 (0x00d65663)
core   0: 0x800000b0 (0x00478793) addi    a5, a5, 4
core   0: 3 0x800000b0 (0x00478793) x15 0x80003fd0
core   0: 0x800000b4 (0xfeb742e3) blt     a4, a1, pc - 28
core   0: 3 0x800000b4 (0xfeb742e3)
core   0: 0x80000098 (0x0007a683) lw      a3, 0(a5)
core   0: 3 0x80000098 (0x0007a683) x13 0x00000002 mem 0x80003fd0
core   0: 0x8000009c (0x0047a603) lw      a2, 4(a5)
core   0: 3 0x8000009c (0x0047a603) x12 0x00000001 mem 0x80003fd4
core   0: 0x800000a0 (0x00170713) addi    a4, a4, 1
core   0: 3 0x800000a0 (0x00170713) x14 0x00000003
core   0: 0x800000a4 (0x00d65663) bge     a2, a3, pc + 12
core   0: 3 0x800000a4 (0x00d65663)
core   0: 0x800000a8 (0x00c7a023) sw      a2, 0(a5)
core   0: 3 0x800000a8 (0x00c7a023) mem 0x80003fd0 0x00000001
core   0: 0x800000ac (0x00d7a223) sw      a3, 4(a5)
core   0: 3 0x800000ac (0x00d7a223) mem 0x80003fd4 0x00000002
core   0: 0x800000b0 (0x00478793) addi    a5, a5, 4
core   0: 3 0x800000b0 (0x00478793) x15 0x80003fd4
core   0: 0x800000b4 (0xfeb742e3) blt     a4, a1, pc - 28
core   0: 3 0x800000b4 (0xfeb742e3)
core   0: 0x80000098 (0x0007a683) lw      a3, 0(a5)
core   0: 3 0x80000098 (0x0007a683) x13 0x00000002 mem 0x80003fd4
core   0: 0x8000009c (0x0047a603) lw      a2, 4(a5)
core   0: 3 0x8000009c (0x0047a603) x12 0x00000002 mem 0x80003fd8
core   0: 0x800000a0 (0x00170713) addi    a4, a4, 1
core   0: 3 0x800000a0 (0x00170713) x14 0x00000004
core   0: 0x800000a4 (0x00d65663) bge     a2, a3, pc + 12
core   0: 3 0x800000a4 (0x00d65663)
core   0: 0x800000b0 (0x00478793) addi    a5, a5, 4
core   0: 3 0x800000b0 (0x00478793) x15 0x80003fd8
core   0: 0x800000b4 (0xfeb742e3) blt     a4, a1, pc - 28
core   0: 3 0x800000b4 (0xfeb742e3)
core   0: 0x80000098 (0x0007a683) lw      a3, 0(a5)
core   0: 3 0x80000098 (0x0007a683) x13 0x00000002 mem 0x80003fd8
core   0: 0x8000009c (0x0047a603) lw      a2, 4(a5)
core   0: 3 0x8000009c (0x0047a603) x12 0x00000003 mem 0x80003fdc
core   0: 0x800000a0 (0x00170713) addi    a4, a4, 1
core   0: 3 0x800000a0 (0x00170713) x14 0x00000005
core   0: 0x800000a4 (0x00d65663) bge     a2, a3, pc + 12
core   0: 3 0x800000a4 (0x00d65663)
core   0: 0x800000b0 (0x00478793) addi    a5, a5, 4
core   0: 3 0x800000b0 (0x00478793) x15 0x80003fdc
core   0: 0x800000b4 (0xfeb742e3) blt     a4, a1, pc - 28
core   0: 3 0x800000b4 (0xfeb742e3)
core   0: 0x80000098 (0x0007a683) lw      a3, 0(a5)
core   0: 3 0x80000098 (0x0007a683) x13 0x00000003 mem 0x80003fdc
core   0: 0x8000009c (0x0047a603) lw      a2, 4(a5)
core   0: 3 0x8000009c (0x0047a603) x12 0x00000003 mem 0x80003fe0
core   0: 0x800000a0 (0x00170713) addi    a4, a4, 1
core   0: 3 0x800000a0 (0x00170713) x14 0x00000006
core   0: 0x800000a4 (0x00d65663) bge     a2, a3, pc + 12
core   0: 3 0x800000a4 (0x00d65663)
core   0: 0x800000b0 (0x00478793) addi    a5, a5, 4
core   0: 3 0x800000b0 (0x00478793) x15 0x80003fe0
core   0: 0x800000b4 (0xfeb742e3) blt     a4, a1, pc - 28
core   0: 3 0x800000b4 (0xfeb742e3)
core   0: 0x80000098 (0x0007a683) lw      a3, 0(a5)
core   0: 3 0x80000098 (0x0007a683) x13 0x00000003 mem 0x80003fe0
core   0: 0x8000009c (0x0047a603) lw      a2, 4(a5)
core   0: 3 0x8000009c (0x0047a603) x12 0x00000004 mem 0x80003fe4
core   0: 0x800000a0 (0x00170713) addi    a4, a4, 1
core   0: 3 0x800000a0 (0x00170713) x14 0x00000007
core   0: 0x800000a4 (0x00d65663) bge     a2, a3, pc + 12
core   0: 3 0x800000a4 (0x00d65663)
core   0: 0x800000b0 (0x00478793) addi    a5, a5, 4
core   0: 3 0x800000b0 (0x00478793) x15 0x80003fe4
core   0: 0x800000b4 (0xfeb742e3) blt     a4, a1, pc - 28
core   0: 3 0x800000b4 (0xfeb742e3)
core   0: 0x800000b8 (0xfff58593) addi    a1, a1, -1
core   0: 3 0x800000b8 (0xfff58593) x11 0x00000006
core   0: 0x800000bc (0xfc059ae3) bnez    a1, pc - 44
core   0: 3 0x800000bc (0xfc059ae3)
core   0: 0x80000090 (0x00810793) addi    a5, sp, 8
core   0: 3 0x80000090 (0x00810793) x15 0x80003fc8
core   0: 0x80000094 (0x00000713) li      a4, 0
core   0: 3 0x80000094 (0x00000713) x14 0x00000000
core   0: 0x80000098 (0x0007a683) lw      a3, 0(a5)
core   0: 3 0x80000098 (0x0007a683) x13 0x00000001 mem 0x80003fc8
core   0: 0x8000009c (0x0047a603) lw      a2, 4(a5)
core   0: 3 0x8000009c (0x0047a603) x12 0x00000001 mem 0x80003fcc
core   0: 0x800000a0 (0x00170713) addi    a4, a4, 1
core   0: 3 0x800000a0 (0x00170713) x14 0x00000001
core   0: 0x800000a4 (0x00d65663) bge     a2, a3, pc + 12
core   0: 3 0x800000a4 (0x00d65663)
core   0: 0x800000b0 (0x00478793) addi    a5, a5, 4
core   0: 3 0x800000b0 (0x00478793) x15 0x80003fcc
core   0: 0x800000b4 (0xfeb742e3) blt     a4, a1, pc - 28
core   0: 3 0x800000b4 (0xfeb742e3)
core   0: 0x80000098 (0x0007a683) lw      a3, 0(a5)
core   0: 3 0x80000098 (0x0007a683) x13 0x00000001 mem 0x80003fcc
core   0: 0x8000009c (0x0047a603) lw      a2, 4(a5)
core   0: 3 0x8000009c (0x0047a603) x12 0x00000001 mem 0x80003fd0
core   0: 0x800000a0 (0x00170713) addi    a4, a4, 1
core   0: 3 0x800000a0 (0x00170713) x14 0x00000002
core   0: 0x800000a4 (0x00d65663) bge     a2, a3, pc + 12
core   0: 3 0x800000a4 (0x00d65663)
core   0: 0x800000b0 (0x00478793) addi    a5, a5, 4
core   0: 3 0x800000b0 (0x00478793) x15 0x80003fd0
core   0: 0x800000b4 (0xfeb742e3) blt     a4, a1, pc - 28
core   0: 3 0x800000b4 (0xfeb742e3)
core   0: 0x80000098 (0x0007a683) lw      a3, 0(a5)
core   0: 3 0x80000098 (0x0007a683) x13 0x00000001 mem 0x80003fd0
core   0: 0x8000009c (0x0047a603) lw      a2, 4(a5)
core   0: 3 0x8000009c (0x0047a603) x12 0x00000002 mem 0x80003fd4
core   0: 0x800000a0 (0x00170713) addi    a4, a4, 1
core   0: 3 0x800000a0 (0x00170713) x14 0x00000003
core   0: 0x800000a4 (0x00d65663) bge     a2, a3, pc + 12
core   0: 3 0x800000a4 (0x00d65663)
core   0: 0x800000b0 (0x00478793) addi    a5, a5, 4
core   0: 3 0x800000b0 (0x00478793) x15 0x80003fd4
core   0: 0x800000b4 (0xfeb742e3) blt     a4, a1, pc - 28
core   0: 3 0x800000b4 (0xfeb742e3)
core   0: 0x80000098 (0x0007a683) lw      a3, 0(a5)
core   0: 3 0x80000098 (0x0007a683) x13 0x00000002 mem 0x80003fd4
core   0: 0x8000009c (0x0047a603) lw      a2, 4(a5)
core   0: 3 0x8000009c (0x0047a603) x12 0x00000002 mem 0x80003fd8
core   0: 0x800000a0 (0x00170713) addi    a4, a4, 1
core   0: 3 0x800000a0 (0x00170713) x14 0x00000004
core   0: 0x800000a4 (0x00d65663) bge     a2, a3, pc + 12
core   0: 3 0x800000a4 (0x00d65663)
core   0: 0x800000b0 (0x00478793) addi    a5, a5, 4
core   0: 3 0x800000b0 (0x00478793) x15 0x80003fd8
core   0: 0x800000b4 (0xfeb742e3) blt     a4, a1, pc - 28
core   0: 3 0x800000b4 (0xfeb742e3)
core   0: 0x80000098 (0x0007a683) lw      a3, 0(a5)
core   0: 3 0x80000098 (0x0007a683) x13 0x00000002 mem 0x80003fd8
core   0: 0x8000009c (0x0047a603) lw      a2, 4(a5)
core   0: 3 0x8000009c (0x0047a603) x12 0x00000003 mem 0x80003fdc
core   0: 0x800000a0 (0x00170713) addi    a4, a4, 1
core   0: 3 0x800000a0 (0x00170713) x14 0x00000005
core   0: 0x800000a4 (0x00d65663) bge     a2, a3, pc + 12
core   0: 3 0x800000a4 (0x00d65663)
core   0: 0x800000b0 (0x00478793) addi    a5, a5, 4
core   0: 3 0x800000b0 (0x00478793) x15 0x80003fdc
core   0: 0x800000b4 (0xfeb742e3) blt     a4, a1, pc - 28
core   0: 3 0x800000b4 (0xfeb742e3)
core   0: 0x80000098 (0x0007a683) lw      a3, 0(a5)
core   0: 3 0x80000098 (0x0007a683) x13 0x00000003 mem 0x80003fdc
core   0: 0x8000009c (0x0047a603) lw      a2, 4(a5)
core   0: 3 0x8000009c (0x0047a603) x12 0x00000003 mem 0x80003fe0
core   0: 0x800000a0 (0x00170713) addi    a4, a4, 1
core   0: 3 0x800000a0 (0x00170713) x14 0x00000006
core   0: 0x800000a4 (0x00d65663) bge     a2, a3, pc + 12
core   0: 3 0x800000a4 (0x00d65663)
core   0: 0x800000b0 (0x00478793) addi    a5, a5, 4
core   0: 3 0x800000b0 (0x00478793) x15 0x80003fe0
core   0: 0x800000b4 (0xfeb742e3) blt     a4, a1, pc - 28
core   0: 3 0x800000b4 (0xfeb742e3)
core   0: 0x800000b8 (0xfff58593) addi    a1, a1, -1
core   0: 3 0x800000b8 (0xfff58593) x11 0x00000005
core   0: 0x800000bc (0xfc059ae3) bnez    a1, pc - 44
core   0: 3 0x800000bc (0xfc059ae3)
core   0: 0x80000090 (0x00810793) addi    a5, sp, 8
core   0: 3 0x80000090 (0x00810793) x15 0x80003fc8
core   0: 0x80000094 (0x00000713) li      a4, 0
core   0: 3 0x80000094 (0x00000713) x14 0x00000000
core   0: 0x80000098 (0x0007a683) lw      a3, 0(a5)
core   0: 3 0x80000098 (0x0007a683) x13 0x00000001 mem 0x80003fc8
core   0: 0x8000009c (0x0047a603) lw      a2, 4(a5)
core   0: 3 0x8000009c (0x0047a603) x12 0x00000001 mem 0x80003fcc
core   0: 0x800000a0 (0x00170713) addi    a4, a4, 1
core   0: 3 0x800000a0 (0x00170713) x14 0x00000001
core   0: 0x800000a4 (0x00d65663) bge     a2, a3, pc + 12
core   0: 3 0x800000a4 (0x00d65663)
core   0: 0x800000b0 (0x00478793) addi    a5, a5, 4
core   0: 3 0x800000b0 (0x00478793) x15 0x80003fcc
core   0: 0x800000b4 (0xfeb742e3) blt     a4, a1, pc - 28
core   0: 3 0x800000b4 (0xfeb742e3)
core   0: 0x80000098 (0x0007a683) lw      a3, 0(a5)
core   0: 3 0x80000098 (0x0007a683) x13 0x00000001 mem 0x80003fcc
core   0: 0x8000009c (0x0047a603) lw      a2, 4(a5)
core   0: 3 0x8000009c (0x0047a603) x12 0x00000001 mem 0x80003fd0
core   0: 0x800000a0 (0x00170713) addi    a4, a4, 1
core   0: 3 0x800000a0 (0x00170713) x14 0x00000002
core   0: 0x800000a4 (0x00d65663) bge     a2, a3, pc + 12
core   0: 3 0x800000a4 (0x00d65663)
core   0: 0x800000b0 (0x00478793) addi    a5, a5, 4
core   0: 3 0x800000b0 (0x00478793) x15 0x80003fd0
core   0: 0x800000b4 (0xfeb742e3) blt     a4, a1, pc - 28
core   0: 3 0x800000b4 (0xfeb742e3)
core   0: 0x80000098 (0x0007a683) lw      a3, 0(a5)
core   0: 3 0x80000098 (0x0007a683) x13 0x00000001 mem 0x80003fd0
core   0: 0x8000009c (0x0047a603) lw      a2, 4(a5)
core   0: 3 0x8000009c (0x0047a603) x12 0x00000002 mem 0x80003fd4
core   0: 0x800000a0 (0x00170713) addi    a4, a4, 1
core   0: 3 0x800000a0 (0x00170713) x14 0x00000003
core   0: 0x800000a4 (0x00d65663) bge     a2, a3, pc + 12
core   0: 3 0x800000a4 (0x00d65663)
core   0: 0x800000b0 (0x00478793) addi    a5, a5, 4
core   0: 3 0x800000b0 (0x00478793) x15 0x80003fd4
core   0: 0x800000b4 (0xfeb742e3) blt     a4, a1, pc - 28
core   0: 3 0x800000b4 (0xfeb742e3)
core   0: 0x80000098 (0x0007a683) lw      a3, 0(a5)
core   0: 3 0x80000098 (0x0007a683) x13 0x00000002 mem 0x80003fd4
core   0: 0x8000009c (0x0047a603) lw      a2, 4(a5)
core   0: 3 0x8000009c (0x0047a603) x12 0x00000002 mem 0x80003fd8
core   0: 0x800000a0 (0x00170713) addi    a4, a4, 1
core   0: 3 0x800000a0 (0x00170713) x14 0x00000004
core   0: 0x800000a4 (0x00d65663) bge     a2, a3, pc + 12
core   0: 3 0x800000a4 (0x00d65663)
core   0: 0x800000b0 (0x00478793) addi    a5, a5, 4
core   0: 3 0x800000b0 (0x00478793) x15 0x80003fd8
core   0: 0x800000b4 (0xfeb742e3) blt     a4, a1, pc - 28
core   0: 3 0x800000b4 (0xfeb742e3)
core   0: 0x80000098 (0x0007a683) lw      a3, 0(a5)
core   0: 3 0x80000098 (0x0007a683) x13 0x00000002 mem 0x80003fd8
core   0: 0x8000009c (0x0047a603) lw      a2, 4(a5)
core   0: 3 0x8000009c (0x0047a603) x12 0x00000003 mem 0x80003fdc
core   0: 0x800000a0 (0x00170713) addi    a4, a4, 1
core   0: 3 0x800000a0 (0x00170713) x14 0x00000005
core   0: 0x800000a4 (0x00d65663) bge     a2, a3, pc + 12
core   0: 3 0x800000a4 (0x00d65663)
core   0: 0x800000b0 (0x00478793) addi    a5, a5, 4
core   0: 3 0x800000b0 (0x00478793) x15 0x80003fdc
core   0: 0x800000b4 (0xfeb742e3) blt     a4, a1, pc - 28
core   0: 3 0x800000b4 (0xfeb742e3)
core   0: 0x800000b8 (0xfff58593) addi    a1, a1, -1
core   0: 3 0x800000b8 (0xfff58593) x11 0x00000004
core   0: 0x800000bc (0xfc059ae3) bnez    a1, pc - 44
core   0: 3 0x800000bc (0xfc059ae3)
core   0: 0x80000090 (0x00810793) addi    a5, sp, 8
core   0: 3 0x80000090 (0x00810793) x15 0x80003fc8
core   0: 0x80000094 (0x00000713) li      a4, 0
core   0: 3 0x80000094 (0x00000713) x14 0x00000000
core   0: 0x80000098 (0x0007a683) lw      a3, 0(a5)
core   0: 3 0x80000098 (0x0007a683) x13 0x00000001 mem 0x80003fc8
core   0: 0x8000009c (0x0047a603) lw      a2, 4(a5)
core   0: 3 0x8000009c (0x0047a603) x12 0x00000001 mem 0x80003fcc
core   0: 0x800000a0 (0x00170713) addi    a4, a4, 1
core   0: 3 0x800000a0 (0x00170713) x14 0x00000001
core   0: 0x800000a4 (0x00d65663) bge     a2, a3, pc + 12
core   0: 3 0x800000a4 (0x00d65663)
core   0: 0x800000b0 (0x00478793) addi    a5, a5, 4
core   0: 3 0x800000b0 (0x00478793) x15 0x80003fcc
core   0: 0x800000b4 (0xfeb742e3) blt     a4, a1, pc - 28
core   0: 3 0x800000b4 (0xfeb742e3)
core   0: 0x80000098 (0x0007a683) lw      a3, 0(a5)
core   0: 3 0x80000098 (0x0007a683) x13 0x00000001 mem 0x80003fcc
core   0: 0x8000009c (0x0047a603) lw      a2, 4(a5)
core   0: 3 0x8000009c (0x0047a603) x12 0x00000001 mem 0x80003fd0
core   0: 0x800000a0 (0x00170713) addi    a4, a4, 1
core   0: 3 0x800000a0 (0x00170713) x14 0x00000002
core   0: 0x800000a4 (0x00d65663) bge     a2, a3, pc + 12
core   0: 3 0x800000a4 (0x00d65663)
core   0: 0x800000b0 (0x00478793) addi    a5, a5, 4
core   0: 3 0x800000b0 (0x00478793) x15 0x80003fd0
core   0: 0x800000b4 (0xfeb742e3) blt     a4, a1, pc - 28
core   0: 3 0x800000b4 (0xfeb742e3)
core   0: 0x80000098 (0x0007a683) lw      a3, 0(a5)
core   0: 3 0x80000098 (0x0007a683) x13 0x00000001 mem 0x80003fd0
core   0: 0x8000009c (0x0047a603) lw      a2, 4(a5)
core   0: 3 0x8000009c (0x0047a603) x12 0x00000002 mem 0x80003fd4
core   0: 0x800000a0 (0x00170713) addi    a4, a4, 1
core   0: 3 0x800000a0 (0x00170713) x14 0x00000003
core   0: 0x800000a4 (0x00d65663) bge     a2, a3, pc + 12
core   0: 3 0x800000a4 (0x00d65663)
core   0: 0x800000b0 (0x00478793) addi    a5, a5, 4
core   0: 3 0x800000b0 (0x00478793) x15 0x80003fd4
core   0: 0x800000b4 (0xfeb742e3) blt     a4, a1, pc - 28
core   0: 3 0x800000b4 (0xfeb742e3)
core   0: 0x80000098 (0x0007a683) lw      a3, 0(a5)
core   0: 3 0x80000098 (0x0007a683) x13 0x00000002 mem 0x80003fd4
core   0: 0x8000009c (0x0047a603) lw      a2, 4(a5)
core   0: 3 0x8000009c (0x0047a603) x12 0x00000002 mem 0x80003fd8
core   0: 0x800000a0 (0x00170713) addi    a4, a4, 1
core   0: 3 0x800000a0 (0x00170713) x14 0x00000004
core   0: 0x800000a4 (0x00d65663) bge     a2, a3, pc + 12
core   0: 3 0x800000a4 (0x00d65663)
core   0: 0x800000b0 (0x00478793) addi    a5, a5, 4
core   0: 3 0x800000b0 (0x00478793) x15 0x80003fd8
core   0: 0x800000b4 (0xfeb742e3) blt     a4, a1, pc - 28
core   0: 3 0x800000b4 (0xfeb742e3)
core   0: 0x800000b8 (0xfff58593) addi    a1, a1, -1
core   0: 3 0x800000b8 (0xfff58593) x11 0x00000003
core   0: 0x800000bc (0xfc059ae3) bnez    a1, pc - 44
core   0: 3 0x800000bc (0xfc059ae3)
core   0: 0x80000090 (0x00810793) addi    a5, sp, 8
core   0: 3 0x80000090 (0x00810793) x15 0x80003fc8
core   0: 0x80000094 (0x00000713) li      a4, 0
core   0: 3 0x80000094 (0x00000713) x14 0x00000000
core   0: 0x80000098 (0x0007a683) lw      a3, 0(a5)
core   0: 3 0x80000098 (0x0007a683) x13 0x00000001 mem 0x80003fc8
core   0: 0x8000009c (0x0047a603) lw      a2, 4(a5)
core   0: 3 0x8000009c (0x0047a603) x12 0x00000001 mem 0x80003fcc
core   0: 0x800000a0 (0x00170713) addi    a4, a4, 1
core   0: 3 0x800000a0 (0x00170713) x14 0x00000001
core   0: 0x800000a4 (0x00d65663) bge     a2, a3, pc + 12
core   0: 3 0x800000a4 (0x00d65663)
core   0: 0x800000b0 (0x00478793) addi    a5, a5, 4
core   0: 3 0x800000b0 (0x00478793) x15 0x80003fcc
core   0: 0x800000b4 (0xfeb742e3) blt     a4, a1, pc - 28
core   0: 3 0x800000b4 (0xfeb742e3)
core   0: 0x80000098 (0x0007a683) lw      a3, 0(a5)
core   0: 3 0x80000098 (0x0007a683) x13 0x00000001 mem 0x80003fcc
core   0: 0x8000009c (0x0047a603) lw      a2, 4(a5)
core   0: 3 0x8000009c (0x0047a603) x12 0x00000001 mem 0x80003fd0
core   0: 0x800000a0 (0x00170713) addi    a4, a4, 1
core   0: 3 0x800000a0 (0x00170713) x14 0x00000002
core   0: 0x800000a4 (0x00d65663) bge     a2, a3, pc + 12
core   0: 3 0x800000a4 (0x00d65663)
core   0: 0x800000b0 (0x00478793) addi    a5, a5, 4
core   0: 3 0x800000b0 (0x00478793) x15 0x80003fd0
core   0: 0x800000b4 (0xfeb742e3) blt     a4, a1, pc - 28
core   0: 3 0x800000b4 (0xfeb742e3)
core   0: 0x80000098 (0x0007a683) lw      a3, 0(a5)
core   0: 3 0x80000098 (0x0007a683) x13 0x00000001 mem 0x80003fd0
core   0: 0x8000009c (0x0047a603) lw      a2, 4(a5)
core   0: 3 0x8000009c (0x0047a603) x12 0x00000002 mem 0x80003fd4
core   0: 0x800000a0 (0x00170713) addi    a4, a4, 1
core   0: 3 0x800000a0 (0x00170713) x14 0x00000003
core   0: 0x800000a4 (0x00d65663) bge     a2, a3, pc + 12
core   0: 3 0x800000a4 (0x00d65663)
core   0: 0x800000b0 (0x00478793) addi    a5, a5, 4
core   0: 3 0x800000b0 (0x00478793) x15 0x80003fd4
core   0: 0x800000b4 (0xfeb742e3) blt     a4, a1, pc - 28
core   0: 3 0x800000b4 (0xfeb742e3)
core   0: 0x800000b8 (0xfff58593) addi    a1, a1, -1
core   0: 3 0x800000b8 (0xfff58593) x11 0x00000002
core   0: 0x800000bc (0xfc059ae3) bnez    a1, pc - 44
core   0: 3 0x800000bc (0xfc059ae3)
core   0: 0x80000090 (0x00810793) addi    a5, sp, 8
core   0: 3 0x80000090 (0x00810793) x15 0x80003fc8
core   0: 0x80000094 (0x00000713) li      a4, 0
core   0: 3 0x80000094 (0x00000713) x14 0x00000000
core   0: 0x80000098 (0x0007a683) lw      a3, 0(a5)
core   0: 3 0x80000098 (0x0007a683) x13 0x00000001 mem 0x80003fc8
core   0: 0x8000009c (0x0047a603) lw      a2, 4(a5)
core   0: 3 0x8000009c (0x0047a603) x12 0x00000001 mem 0x80003fcc
core   0: 0x800000a0 (0x00170713) addi    a4, a4, 1
core   0: 3 0x800000a0 (0x00170713) x14 0x00000001
core   0: 0x800000a4 (0x00d65663) bge     a2, a3, pc + 12
core   0: 3 0x800000a4 (0x00d65663)
core   0: 0x800000b0 (0x00478793) addi    a5, a5, 4
core   0: 3 0x800000b0 (0x00478793) x15 0x80003fcc
core   0: 0x800000b4 (0xfeb742e3) blt     a4, a1, pc - 28
core   0: 3 0x800000b4 (0xfeb742e3)
core   0: 0x80000098 (0x0007a683) lw      a3, 0(a5)
core   0: 3 0x80000098 (0x0007a683) x13 0x00000001 mem 0x80003fcc
core   0: 0x8000009c (0x0047a603) lw      a2, 4(a5)
core   0: 3 0x8000009c (0x0047a603) x12 0x00000001 mem 0x80003fd0
core   0: 0x800000a0 (0x00170713) addi    a4, a4, 1
core   0: 3 0x800000a0 (0x00170713) x14 0x00000002
core   0: 0x800000a4 (0x00d65663) bge     a2, a3, pc + 12
core   0: 3 0x800000a4 (0x00d65663)
core   0: 0x800000b0 (0x00478793) addi    a5, a5, 4
core   0: 3 0x800000b0 (0x00478793) x15 0x80003fd0
core   0: 0x800000b4 (0xfeb742e3) blt     a4, a1, pc - 28
core   0: 3 0x800000b4 (0xfeb742e3)
core   0: 0x800000b8 (0xfff58593) addi    a1, a1, -1
core   0: 3 0x800000b8 (0xfff58593) x11 0x00000001
core   0: 0x800000bc (0xfc059ae3) bnez    a1, pc - 44
core   0: 3 0x800000bc (0xfc059ae3)
core   0: 0x80000090 (0x00810793) addi    a5, sp, 8
core   0: 3 0x80000090 (0x00810793) x15 0x80003fc8
core   0: 0x80000094 (0x00000713) li      a4, 0
core   0: 3 0x80000094 (0x00000713) x14 0x00000000
core   0: 0x80000098 (0x0007a683) lw      a3, 0(a5)
core   0: 3 0x80000098 (0x0007a683) x13 0x00000001 mem 0x80003fc8
core   0: 0x8000009c (0x0047a603) lw      a2, 4(a5)
core   0: 3 0x8000009c (0x0047a603) x12 0x00000001 mem 0x80003fcc
core   0: 0x800000a0 (0x00170713) addi    a4, a4, 1
core   0: 3 0x800000a0 (0x00170713) x14 0x00000001
core   0: 0x800000a4 (0x00d65663) bge     a2, a3, pc + 12
core   0: 3 0x800000a4 (0x00d65663)
core   0: 0x800000b0 (0x00478793) addi    a5, a5, 4
core   0: 3 0x800000b0 (0x00478793) x15 0x80003fcc
core   0: 0x800000b4 (0xfeb742e3) blt     a4, a1, pc - 28
core   0: 3 0x800000b4 (0xfeb742e3)
core   0: 0x800000b8 (0xfff58593) addi    a1, a1, -1
core   0: 3 0x800000b8 (0xfff58593) x11 0x00000000
core   0: 0x800000bc (0xfc059ae3) bnez    a1, pc - 44
core   0: 3 0x800000bc (0xfc059ae3)
core   0: 0x800000c0 (0x00812703) lw      a4, 8(sp)
core   0: 3 0x800000c0 (0x00812703) x14 0x00000001 mem 0x80003fc8
core   0: 0x800000c4 (0x000807b7) lui     a5, 0x80
core   0: 3 0x800000c4 (0x000807b7) x15 0x00080000
core   0: 0x800000c8 (0x03070713) addi    a4, a4, 48
core   0: 3 0x800000c8 (0x03070713) x14 0x00000031
core   0: 0x800000cc (0x00e7a023) sw      a4, 0(a5)
core   0: 3 0x800000cc (0x00e7a023) mem 0x00080000 0x00000031
core   0: 0x800000d0 (0x00c12703) lw      a4, 12(sp)
core   0: 3 0x800000d0 (0x00c12703) x14 0x00000001 mem 0x80003fcc
core   0: 0x800000d4 (0x03070713) addi    a4, a4, 48
core   0: 3 0x800000d4 (0x03070713) x14 0x00000031
core   0: 0x800000d8 (0x00e7a023) sw      a4, 0(a5)
core   0: 3 0x800000d8 (0x00e7a023) mem 0x00080000 0x00000031
core   0: 0x800000dc (0x01012703) lw      a4, 16(sp)
core   0: 3 0x800000dc (0x01012703) x14 0x00000001 mem 0x80003fd0
core   0: 0x800000e0 (0x03070713) addi    a4, a4, 48
core   0: 3 0x800000e0 (0x03070713) x14 0x00000031
core   0: 0x800000e4 (0x00e7a023) sw      a4, 0(a5)
core   0: 3 0x800000e4 (0x00e7a023) mem 0x00080000 0x00000031
core   0: 0x800000e8 (0x01412703) lw      a4, 20(sp)
core   0: 3 0x800000e8 (0x01412703) x14 0x00000002 mem 0x80003fd4
core   0: 0x800000ec (0x03070713) addi    a4, a4, 48
core   0: 3 0x800000ec (0x03070713) x14 0x00000032
core   0: 0x800000f0 (0x00e7a023) sw      a4, 0(a5)
core   0: 3 0x800000f0 (0x00e7a023) mem 0x00080000 0x00000032
core   0: 0x800000f4 (0x01812703) lw      a4, 24(sp)
core   0: 3 0x800000f4 (0x01812703) x14 0x00000002 mem 0x80003fd8
core   0: 0x800000f8 (0x03070713) addi    a4, a4, 48
core   0: 3 0x800000f8 (0x03070713) x14 0x00000032
core   0: 0x800000fc (0x00e7a023) sw      a4, 0(a5)
core   0: 3 0x800000fc (0x00e7a023) mem 0x00080000 0x00000032
core   0: 0x80000100 (0x01c12703) lw      a4, 28(sp)
core   0: 3 0x80000100 (0x01c12703) x14 0x00000003 mem 0x80003fdc
core   0: 0x80000104 (0x03070713) addi    a4, a4, 48
core   0: 3 0x80000104 (0x03070713) x14 0x00000033
core   0: 0x80000108 (0x00e7a023) sw      a4, 0(a5)
core   0: 3 0x80000108 (0x00e7a023) mem 0x00080000 0x00000033
core   0: 0x8000010c (0x02012703) lw      a4, 32(sp)
core   0: 3 0x8000010c (0x02012703) x14 0x00000003 mem 0x80003fe0
core   0: 0x80000110 (0x03070713) addi    a4, a4, 48
core   0: 3 0x80000110 (0x03070713) x14 0x00000033
core   0: 0x80000114 (0x00e7a023) sw      a4, 0(a5)
core   0: 3 0x80000114 (0x00e7a023) mem 0x00080000 0x00000033
core   0: 0x80000118 (0x02412703) lw      a4, 36(sp)
core   0: 3 0x80000118 (0x02412703) x14 0x00000004 mem 0x80003fe4
core   0: 0x8000011c (0x03070713) addi    a4, a4, 48
core   0: 3 0x8000011c (0x03070713) x14 0x00000034
core   0: 0x80000120 (0x00e7a023) sw      a4, 0(a5)
core   0: 3 0x80000120 (0x00e7a023) mem 0x00080000 0x00000034
core   0: 0x80000124 (0x02812703) lw      a4, 40(sp)
core   0: 3 0x80000124 (0x02812703) x14 0x00000005 mem 0x80003fe8
core   0: 0x80000128 (0x03070713) addi    a4, a4, 48
core   0: 3 0x80000128 (0x03070713) x14 0x00000035
core   0: 0x8000012c (0x00e7a023) sw      a4, 0(a5)
core   0: 3 0x8000012c (0x00e7a023) mem 0x00080000 0x00000035
core   0: 0x80000130 (0x02c12703) lw      a4, 44(sp)
core   0: 3 0x80000130 (0x02c12703) x14 0x00000005 mem 0x80003fec
core   0: 0x80000134 (0x03070713) addi    a4, a4, 48
core   0: 3 0x80000134 (0x03070713) x14 0x00000035
core   0: 0x80000138 (0x00e7a023) sw      a4, 0(a5)
core   0: 3 0x80000138 (0x00e7a023) mem 0x00080000 0x00000035
core   0: 0x8000013c (0x03012703) lw      a4, 48(sp)
core   0: 3 0x8000013c (0x03012703) x14 0x00000006 mem 0x80003ff0
core   0: 0x80000140 (0x03070713) addi    a4, a4, 48
core   0: 3 0x80000140 (0x03070713) x14 0x00000036
core   0: 0x80000144 (0x00e7a023) sw      a4, 0(a5)
core   0: 3 0x80000144 (0x00e7a023) mem 0x00080000 0x00000036
core   0: 0x80000148 (0x03412703) lw      a4, 52(sp)
core   0: 3 0x80000148 (0x03412703) x14 0x00000007 mem 0x80003ff4
core   0: 0x8000014c (0x03070713) addi    a4, a4, 48
core   0: 3 0x8000014c (0x03070713) x14 0x00000037
core   0: 0x80000150 (0x00e7a023) sw      a4, 0(a5)
core   0: 3 0x80000150 (0x00e7a023) mem 0x00080000 0x00000037
core   0: 0x80000154 (0x03812703) lw      a4, 56(sp)
core   0: 3 0x80000154 (0x03812703) x14 0x00000007 mem 0x80003ff8
core   0: 0x80000158 (0x03070713) addi    a4, a4, 48
core   0: 3 0x80000158 (0x03070713) x14 0x00000037
core   0: 0x8000015c (0x00e7a023) sw      a4, 0(a5)
core   0: 3 0x8000015c (0x00e7a023) mem 0x00080000 0x00000037
core   0: 0x80000160 (0x03c12703) lw      a4, 60(sp)
core   0: 3 0x80000160 (0x03c12703) x14 0x00000008 mem 0x80003ffc
core   0: 0x80000164 (0x03070713) addi    a4, a4, 48
core   0: 3 0x80000164 (0x03070713) x14 0x00000038
core   0: 0x80000168 (0x00e7a023) sw      a4, 0(a5)
core   0: 3 0x80000168 (0x00e7a023) mem 0x00080000 0x00000038
core   0: 0x8000016c (0x04012703) lw      a4, 64(sp)
core   0: 3 0x8000016c (0x04012703) x14 0x00000000 mem 0x80004000
core   0: 0x80000170 (0x03070713) addi    a4, a4, 48
core   0: 3 0x80000170 (0x03070713) x14 0x00000030
core   0: 0x80000174 (0x00e7a023) sw      a4, 0(a5)
core   0: 3 0x80000174 (0x00e7a023) mem 0x00080000 0x00000030
core   0: 0x80000178 (0x0000006f) j       pc + 0x0