core   0: 0x00001000 (0x00000297) auipc   t0, 0x0
core   0: 3 0x00001000 (0x00000297) x5  0x00001000
core   0: 0x00001004 (0x02028593) addi    a1, t0, 32
core   0: 3 0x00001004 (0x02028593) x11 0x00001020
core   0: 0x00001008 (0xf1402573) csrr    a0, mhartid
core   0: 3 0x00001008 (0xf1402573) x10 0x00000000
core   0: 0x0000100c (0x0182a283) lw      t0, 24(t0)
core   0: 3 0x0000100c (0x0182a283) x5  0x80000000 mem 0x00001018
core   0: 0x00001010 (0x00028067) jr      t0
core   0: 3 0x00001010 (0x00028067)


core   0: 0x80000000 (0x80004137) lui     sp, 0x80004
core   0: 3 0x80000000 (0x80004137) x2  0x80004000
core   0: 0x80000004 (0x00000297) auipc   t0, 0x0
core   0: 3 0x80000004 (0x00000297) x5  0x80000004
core   0: 0x80000008 (0x03828293) addi    t0, t0, 56
core   0: 3 0x80000008 (0x03828293) x5  0x8000003c
core   0: 0x8000000c (0x00028067) jr      t0
core   0: 3 0x8000000c (0x00028067)


core   0: 0x8000003c (0x800007b7) lui     a5, 0x80000
core   0: 3 0x8000003c (0x800007b7) x15 0x80000000


core   0: 0x80000040 (0x12078793) addi    a5, a5, 288
core   0: 3 0x80000040 (0x12078793) x15 0x80000120

core   0: 0x80000044 (0x0147a503) lw      a0, 20(a5)
core   0: 3 0x80000044 (0x0147a503) x10 0x00000001 mem 0x80000134
core   0: 0x80000048 (0x01c7a603) lw      a2, 28(a5)
core   0: 3 0x80000048 (0x01c7a603) x12 0x00000003 mem 0x8000013c
core   0: 0x8000004c (0x0007ae83) lw      t4, 0(a5)
core   0: 3 0x8000004c (0x0007ae83) x29 0x00000001 mem 0x80000120
core   0: 0x80000050 (0x0047ae03) lw      t3, 4(a5)
core   0: 3 0x80000050 (0x0047ae03) x28 0x00000002 mem 0x80000124
core   0: 0x80000054 (0x0087a303) lw      t1, 8(a5)
core   0: 3 0x80000054 (0x0087a303) x6  0x00000003 mem 0x80000128
core   0: 0x80000058 (0x00c7a883) lw      a7, 12(a5)
core   0: 3 0x80000058 (0x00c7a883) x17 0x00000004 mem 0x8000012c
core   0: 0x8000005c (0x0107a803) lw      a6, 16(a5)
core   0: 3 0x8000005c (0x0107a803) x16 0x00000001 mem 0x80000130
core   0: 0x80000060 (0x0187a583) lw      a1, 24(a5)
core   0: 3 0x80000060 (0x0187a583) x11 0x00000002 mem 0x80000138
core   0: 0x80000064 (0x0207a703) lw      a4, 32(a5)
core   0: 3 0x80000064 (0x0207a703) x14 0x00000004 mem 0x80000140
core   0: 0x80000068 (0x0247a783) lw      a5, 36(a5)
core   0: 3 0x80000068 (0x0247a783) x15 0x00000005 mem 0x80000144


core   0: 0x8000006c (0xfc010113) addi    sp, sp, -64
core   0: 3 0x8000006c (0xfc010113) x2  0x80003fc0
core   0: 0x80000070 (0x01810693) addi    a3, sp, 24
core   0: 3 0x80000070 (0x01810693) x13 0x80003fd8
core   0: 0x80000074 (0x00a12c23) sw      a0, 24(sp)
core   0: 3 0x80000074 (0x00a12c23) mem 0x80003fd8 0x00000001
core   0: 0x80000078 (0x02c12023) sw      a2, 32(sp)
core   0: 3 0x80000078 (0x02c12023) mem 0x80003fe0 0x00000003
core   0: 0x8000007c (0x02f12423) sw      a5, 40(sp)
core   0: 3 0x8000007c (0x02f12423) mem 0x80003fe8 0x00000005
core   0: 0x80000080 (0x01d12223) sw      t4, 4(sp)
core   0: 3 0x80000080 (0x01d12223) mem 0x80003fc4 0x00000001
core   0: 0x80000084 (0x01c12423) sw      t3, 8(sp)
core   0: 3 0x80000084 (0x01c12423) mem 0x80003fc8 0x00000002
core   0: 0x80000088 (0x00612623) sw      t1, 12(sp)
core   0: 3 0x80000088 (0x00612623) mem 0x80003fcc 0x00000003
core   0: 0x8000008c (0x01112823) sw      a7, 16(sp)
core   0: 3 0x8000008c (0x01112823) mem 0x80003fd0 0x00000004
core   0: 0x80000090 (0x01012a23) sw      a6, 20(sp)
core   0: 3 0x80000090 (0x01012a23) mem 0x80003fd4 0x00000001
core   0: 0x80000094 (0x00b12e23) sw      a1, 28(sp)
core   0: 3 0x80000094 (0x00b12e23) mem 0x80003fdc 0x00000002
core   0: 0x80000098 (0x02e12223) sw      a4, 36(sp)
core   0: 3 0x80000098 (0x02e12223) mem 0x80003fe4 0x00000004
core   0: 0x8000009c (0x02012623) sw      zero, 44(sp)
core   0: 3 0x8000009c (0x02012623) mem 0x80003fec 0x00000000
core   0: 0x800000a0 (0x02012823) sw      zero, 48(sp)
core   0: 3 0x800000a0 (0x02012823) mem 0x80003ff0 0x00000000
core   0: 0x800000a4 (0x02012a23) sw      zero, 52(sp)
core   0: 3 0x800000a4 (0x02012a23) mem 0x80003ff4 0x00000000
core   0: 0x800000a8 (0x02012c23) sw      zero, 56(sp)
core   0: 3 0x800000a8 (0x02012c23) mem 0x80003ff8 0x00000000
core   0: 0x800000ac (0x02012e23) sw      zero, 60(sp)
core   0: 3 0x800000ac (0x02012e23) mem 0x80003ffc 0x00000000


core   0: 0x800000b0 (0x00410793) addi    a5, sp, 4
core   0: 3 0x800000b0 (0x00410793) x15 0x80003fc4
core   0: 0x800000b4 (0x02c10613) addi    a2, sp, 44
core   0: 3 0x800000b4 (0x02c10613) x12 0x80003fec


core   0: 0x800000b8 (0x00068513) mv      a0, a3
core   0: 3 0x800000b8 (0x00068513) x10 0x80003fd8
core   0: 0x800000bc (0x0007a703) lw      a4, 0(a5)
core   0: 3 0x800000bc (0x0007a703) x14 0x00000001 mem 0x80003fc4   ; good
core   0: 0x800000c0 (0x0006a583) lw      a1, 0(a3)
core   0: 3 0x800000c0 (0x0006a583) x11 0x00000001 mem 0x80003fd8   ; good
core   0: 0x800000c4 (0x00478793) addi    a5, a5, 4
core   0: 3 0x800000c4 (0x00478793) x15 0x80003fc8

core   0: 0x800000c8 (0x00468693) addi    a3, a3, 4
core   0: 3 0x800000c8 (0x00468693) x13 0x80003fdc
core   0: 0x800000cc (0x00b70733) add     a4, a4, a1
core   0: 3 0x800000cc (0x00b70733) x14 0x00000002
core   0: 0x800000d0 (0x00e62023) sw      a4, 0(a2)
core   0: 3 0x800000d0 (0x00e62023) mem 0x80003fec 0x00000002
core   0: 0x800000d4 (0x00460613) addi    a2, a2, 4
core   0: 3 0x800000d4 (0x00460613) x12 0x80003ff0
core   0: 0x800000d8 (0xfea792e3) bne     a5, a0, pc - 28       ; 0x80003fc8 ?  0x80003fd8
core   0: 3 0x800000d8 (0xfea792e3)

core   0: 0x800000bc (0x0007a703) lw      a4, 0(a5)
core   0: 3 0x800000bc (0x0007a703) x14 0x00000002 mem 0x80003fc8  
core   0: 0x800000c0 (0x0006a583) lw      a1, 0(a3)

core   0: 3 0x800000c0 (0x0006a583) x11 0x00000002 mem 0x80003fdc   
core   0: 0x800000c4 (0x00478793) addi    a5, a5, 4
core   0: 3 0x800000c4 (0x00478793) x15 0x80003fcc

core   0: 0x800000c8 (0x00468693) addi    a3, a3, 4
core   0: 3 0x800000c8 (0x00468693) x13 0x80003fe0
core   0: 0x800000cc (0x00b70733) add     a4, a4, a1
core   0: 3 0x800000cc (0x00b70733) x14 0x00000004
core   0: 0x800000d0 (0x00e62023) sw      a4, 0(a2)
core   0: 3 0x800000d0 (0x00e62023) mem 0x80003ff0 0x00000004
core   0: 0x800000d4 (0x00460613) addi    a2, a2, 4
core   0: 3 0x800000d4 (0x00460613) x12 0x80003ff4
core   0: 0x800000d8 (0xfea792e3) bne     a5, a0, pc - 28       ; 0x80003fcc ?  0x80003fd8
core   0: 3 0x800000d8 (0xfea792e3)

core   0: 0x800000bc (0x0007a703) lw      a4, 0(a5)
core   0: 3 0x800000bc (0x0007a703) x14 0x00000003 mem 0x80003fcc
core   0: 0x800000c0 (0x0006a583) lw      a1, 0(a3)
core   0: 3 0x800000c0 (0x0006a583) x11 0x00000003 mem 0x80003fe0
core   0: 0x800000c4 (0x00478793) addi    a5, a5, 4
core   0: 3 0x800000c4 (0x00478793) x15 0x80003fd0
core   0: 0x800000c8 (0x00468693) addi    a3, a3, 4
core   0: 3 0x800000c8 (0x00468693) x13 0x80003fe4
core   0: 0x800000cc (0x00b70733) add     a4, a4, a1
core   0: 3 0x800000cc (0x00b70733) x14 0x00000006
core   0: 0x800000d0 (0x00e62023) sw      a4, 0(a2)
core   0: 3 0x800000d0 (0x00e62023) mem 0x80003ff4 0x00000006
core   0: 0x800000d4 (0x00460613) addi    a2, a2, 4
core   0: 3 0x800000d4 (0x00460613) x12 0x80003ff8
core   0: 0x800000d8 (0xfea792e3) bne     a5, a0, pc - 28       ; 0x80003fd0 ?  0x80003fd8



core   0: 3 0x800000d8 (0xfea792e3)
core   0: 0x800000bc (0x0007a703) lw      a4, 0(a5)
core   0: 3 0x800000bc (0x0007a703) x14 0x00000004 mem 0x80003fd0
core   0: 0x800000c0 (0x0006a583) lw      a1, 0(a3)
core   0: 3 0x800000c0 (0x0006a583) x11 0x00000004 mem 0x80003fe4
core   0: 0x800000c4 (0x00478793) addi    a5, a5, 4
core   0: 3 0x800000c4 (0x00478793) x15 0x80003fd4
core   0: 0x800000c8 (0x00468693) addi    a3, a3, 4
core   0: 3 0x800000c8 (0x00468693) x13 0x80003fe8
core   0: 0x800000cc (0x00b70733) add     a4, a4, a1
core   0: 3 0x800000cc (0x00b70733) x14 0x00000008
core   0: 0x800000d0 (0x00e62023) sw      a4, 0(a2)
core   0: 3 0x800000d0 (0x00e62023) mem 0x80003ff8 0x00000008
core   0: 0x800000d4 (0x00460613) addi    a2, a2, 4
core   0: 3 0x800000d4 (0x00460613) x12 0x80003ffc
core   0: 0x800000d8 (0xfea792e3) bne     a5, a0, pc - 28       ; 0x80003fd4 ?  0x80003fd8
core   0: 3 0x800000d8 (0xfea792e3)

core   0: 0x800000bc (0x0007a703) lw      a4, 0(a5)
core   0: 3 0x800000bc (0x0007a703) x14 0x00000001 mem 0x80003fd4
core   0: 0x800000c0 (0x0006a583) lw      a1, 0(a3)
core   0: 3 0x800000c0 (0x0006a583) x11 0x00000005 mem 0x80003fe8
core   0: 0x800000c4 (0x00478793) addi    a5, a5, 4
core   0: 3 0x800000c4 (0x00478793) x15 0x80003fd8
core   0: 0x800000c8 (0x00468693) addi    a3, a3, 4
core   0: 3 0x800000c8 (0x00468693) x13 0x80003fec
core   0: 0x800000cc (0x00b70733) add     a4, a4, a1
core   0: 3 0x800000cc (0x00b70733) x14 0x00000006
core   0: 0x800000d0 (0x00e62023) sw      a4, 0(a2)
core   0: 3 0x800000d0 (0x00e62023) mem 0x80003ffc 0x00000006
core   0: 0x800000d4 (0x00460613) addi    a2, a2, 4
core   0: 3 0x800000d4 (0x00460613) x12 0x80004000
core   0: 0x800000d8 (0xfea792e3) bne     a5, a0, pc - 28       ; 0x80003fd8 ?  0x80003fd8



core   0: 3 0x800000d8 (0xfea792e3)
core   0: 0x800000dc (0x02c12703) lw      a4, 44(sp)
core   0: 3 0x800000dc (0x02c12703) x14 0x00000002 mem 0x80003fec
core   0: 0x800000e0 (0x000807b7) lui     a5, 0x80
core   0: 3 0x800000e0 (0x000807b7) x15 0x00080000
core   0: 0x800000e4 (0x03070713) addi    a4, a4, 48
core   0: 3 0x800000e4 (0x03070713) x14 0x00000032
core   0: 0x800000e8 (0x00e7a023) sw      a4, 0(a5)
core   0: 3 0x800000e8 (0x00e7a023) mem 0x00080000 0x00000032
core   0: 0x800000ec (0x03012703) lw      a4, 48(sp)
core   0: 3 0x800000ec (0x03012703) x14 0x00000004 mem 0x80003ff0
core   0: 0x800000f0 (0x03070713) addi    a4, a4, 48
core   0: 3 0x800000f0 (0x03070713) x14 0x00000034
core   0: 0x800000f4 (0x00e7a023) sw      a4, 0(a5)
core   0: 3 0x800000f4 (0x00e7a023) mem 0x00080000 0x00000034
core   0: 0x800000f8 (0x03412703) lw      a4, 52(sp)
core   0: 3 0x800000f8 (0x03412703) x14 0x00000006 mem 0x80003ff4
core   0: 0x800000fc (0x03070713) addi    a4, a4, 48
core   0: 3 0x800000fc (0x03070713) x14 0x00000036
core   0: 0x80000100 (0x00e7a023) sw      a4, 0(a5)
core   0: 3 0x80000100 (0x00e7a023) mem 0x00080000 0x00000036
core   0: 0x80000104 (0x03812703) lw      a4, 56(sp)
core   0: 3 0x80000104 (0x03812703) x14 0x00000008 mem 0x80003ff8
core   0: 0x80000108 (0x03070713) addi    a4, a4, 48
core   0: 3 0x80000108 (0x03070713) x14 0x00000038
core   0: 0x8000010c (0x00e7a023) sw      a4, 0(a5)
core   0: 3 0x8000010c (0x00e7a023) mem 0x00080000 0x00000038
core   0: 0x80000110 (0x03c12703) lw      a4, 60(sp)
core   0: 3 0x80000110 (0x03c12703) x14 0x00000006 mem 0x80003ffc
core   0: 0x80000114 (0x03070713) addi    a4, a4, 48
core   0: 3 0x80000114 (0x03070713) x14 0x00000036
core   0: 0x80000118 (0x00e7a023) sw      a4, 0(a5)
core   0: 3 0x80000118 (0x00e7a023) mem 0x00080000 0x00000036
core   0: 0x8000011c (0x0000006f) j       pc + 0x0